predicted_0	XM_021206442.2	100.000	369	0	0	1	369	1	369	0.0	682
predicted_0	XM_021206440.2	100.000	369	0	0	1	369	1	369	0.0	682
predicted_0	XM_029542867.1	100.000	310	0	0	60	369	1	310	1.50e-162	573
predicted_1	XM_029539837.1	100.000	515	0	0	1	515	1	515	0.0	952
predicted_1	XM_029539830.1	100.000	515	0	0	1	515	1	515	0.0	952
predicted_1	XM_029539823.1	100.000	515	0	0	1	515	1	515	0.0	952
predicted_1	XM_029539816.1	100.000	515	0	0	1	515	1	515	0.0	952
predicted_1	XM_029539814.1	100.000	515	0	0	1	515	1	515	0.0	952
predicted_1	XM_029539806.1	100.000	515	0	0	1	515	1	515	0.0	952
predicted_1	XM_021204572.2	100.000	515	0	0	1	515	1	515	0.0	952
predicted_1	XM_021204565.2	100.000	515	0	0	1	515	1	515	0.0	952
predicted_2	XM_021210762.1	100.000	149	0	0	1	149	1	149	4.74e-73	276
predicted_2	XM_029545207.1	100.000	87	0	0	62	148	1	87	1.39e-38	161
predicted_3	XM_029543502.1	100.000	65	0	0	1	65	1	65	2.35e-26	121
predicted_4	XM_029545907.1	100.000	177	0	0	339	515	1	177	1.29e-88	327
predicted_4	XM_029545906.1	100.000	177	0	0	339	515	1	177	1.29e-88	327
predicted_4	XM_021212036.2	100.000	173	0	0	1	173	1	173	2.16e-86	320
predicted_4	XM_029545912.1	100.000	113	0	0	1	113	113	1	4.88e-53	209
predicted_4	XM_029545911.1	100.000	113	0	0	1	113	113	1	4.88e-53	209
predicted_4	XM_021212043.2	100.000	113	0	0	1	113	113	1	4.88e-53	209
predicted_4	XM_021212042.2	100.000	113	0	0	1	113	113	1	4.88e-53	209
predicted_4	XM_029545910.1	100.000	48	0	0	1	48	48	1	6.63e-17	89.8
predicted_5	XM_021205025.1	100.000	384	0	0	1	384	1	384	0.0	710
predicted_6	XM_021219525.2	99.759	415	1	0	1	415	1	415	0.0	761
predicted_6	XM_029531725.1	98.649	74	1	0	342	415	1	74	1.09e-29	132
predicted_6	XM_021219523.2	98.649	74	1	0	342	415	1	74	1.09e-29	132
predicted_7	XM_021215517.2	100.000	515	0	0	1	515	1	515	0.0	952
predicted_8	XM_021218751.2	100.000	276	0	0	1	276	1	276	1.19e-143	510
predicted_8	XM_021218750.2	100.000	276	0	0	1	276	1	276	1.19e-143	510
predicted_9	XM_021203730.2	100.000	214	0	0	1	214	1	214	3.49e-109	396
predicted_9	XM_021203728.2	100.000	214	0	0	1	214	1	214	3.49e-109	396
predicted_10	XM_021190176.2	100.000	273	0	0	1	273	1	273	5.56e-142	505
predicted_11	XM_021221223.1	100.000	515	0	0	1	515	1	515	0.0	952
predicted_11	XM_021203797.2	100.000	30	0	0	464	493	215	244	6.73e-07	56.5
predicted_12	XM_021197535.2	100.000	515	0	0	1	515	1	515	0.0	952
predicted_12	XM_021197533.2	100.000	515	0	0	1	515	1	515	0.0	952
predicted_12	XM_029538248.1	100.000	46	0	0	387	432	46	1	8.58e-16	86.1
predicted_13	XM_021219789.2	100.000	44	0	0	1	44	1	44	1.11e-14	82.4
predicted_14	XM_029534581.1	100.000	74	0	0	1	74	1	74	2.34e-31	137
predicted_15	XM_021219199.1	100.000	515	0	0	1	515	1	515	0.0	952
predicted_15	XM_021188089.2	92.073	164	11	2	165	326	3975	4138	3.75e-59	230
predicted_15	XM_021211003.1	92.949	156	10	1	171	325	2288	2133	4.85e-58	226
predicted_15	XM_029546093.1	92.208	154	9	3	164	316	4130	4281	2.25e-56	220
predicted_15	XM_029546092.1	92.208	154	9	3	164	316	4132	4283	2.25e-56	220
predicted_15	XM_029546091.1	92.208	154	9	3	164	316	4742	4893	2.25e-56	220
predicted_15	XM_029546090.1	92.208	154	9	3	164	316	4402	4553	2.25e-56	220
predicted_15	XM_029546089.1	92.208	154	9	3	164	316	4707	4858	2.25e-56	220
predicted_15	XM_021212133.2	92.208	154	9	3	164	316	4270	4421	2.25e-56	220
predicted_15	XM_021221424.2	92.258	155	10	2	172	325	1470	1317	8.11e-56	219
predicted_15	XM_021219069.2	90.476	168	11	4	163	325	2918	3085	2.92e-55	217
predicted_15	XM_021208533.2	91.026	156	13	1	171	326	1183	1337	4.88e-53	209
predicted_15	XR_003842541.1	89.697	165	14	3	163	326	1530	1368	1.76e-52	207
predicted_15	XM_021212230.2	94.737	133	6	1	191	323	9844	9713	6.31e-52	206
predicted_15	XM_021194533.1	90.909	154	10	4	172	325	1487	1338	2.27e-51	204
predicted_15	XM_021194070.1	90.446	157	11	4	171	326	2241	2394	2.27e-51	204
predicted_15	XM_021213535.2	89.809	157	16	0	171	327	1434	1590	8.17e-51	202
predicted_15	XM_021212338.2	96.694	121	4	0	197	317	3656	3776	8.17e-51	202
predicted_15	XR_003845140.1	89.873	158	13	2	163	317	2872	2715	2.94e-50	200
predicted_15	XM_021207375.1	93.939	132	8	0	193	324	2477	2346	2.94e-50	200
predicted_15	XR_002381006.1	95.200	125	5	1	181	305	948	825	3.80e-49	196
predicted_15	XM_021207303.1	88.415	164	18	1	162	325	825	987	3.80e-49	196
predicted_15	XM_029535813.1	90.132	152	11	4	176	327	6246	6099	1.37e-48	195
predicted_15	XM_021201134.1	96.581	117	4	0	209	325	1	117	1.37e-48	195
predicted_15	XM_021186804.1	92.593	135	10	0	192	326	1972	1838	1.37e-48	195
predicted_15	XM_029543647.1	90.132	152	9	6	172	322	1060	914	4.92e-48	193
predicted_15	XM_021207688.1	90.132	152	9	6	172	322	1039	893	4.92e-48	193
predicted_15	XM_021212948.2	87.879	165	16	3	163	325	2881	3043	1.77e-47	191
predicted_15	XM_021212947.2	87.879	165	16	3	163	325	2884	3046	1.77e-47	191
predicted_15	XM_021190398.1	89.032	155	15	2	171	325	2684	2532	1.77e-47	191
predicted_15	XM_029535797.1	96.491	114	3	1	184	297	1749	1861	2.29e-46	187
predicted_15	XM_021193036.1	86.188	181	13	7	163	342	4673	4504	8.23e-46	185
predicted_15	XM_021188035.2	91.791	134	6	5	171	302	4578	4448	1.06e-44	182
predicted_15	XM_021209265.2	86.420	162	18	4	160	317	2071	1910	1.78e-42	174
predicted_15	XM_021192070.2	88.000	150	15	3	176	325	3339	3485	1.78e-42	174
predicted_15	XM_021222079.2	87.500	152	14	4	176	327	1918	1772	6.40e-42	172
predicted_15	XM_021222078.2	87.500	152	14	4	176	327	2062	1916	6.40e-42	172
predicted_15	XM_021213044.2	91.270	126	11	0	192	317	2351	2476	6.40e-42	172
predicted_15	XM_021219750.1	88.966	145	6	6	168	304	2450	2592	2.30e-41	171
predicted_15	XM_029538866.1	90.076	131	12	1	192	322	2243	2372	8.28e-41	169
predicted_15	XM_021198857.2	90.076	131	12	1	192	322	2134	2263	8.28e-41	169
predicted_15	XM_021198231.2	86.928	153	12	2	176	328	2958	3102	1.07e-39	165
predicted_15	XM_021204394.2	86.076	158	14	4	172	328	886	1036	3.85e-39	163
predicted_15	XM_029531860.1	86.986	146	14	5	163	304	1760	1904	1.39e-38	161
predicted_15	XM_021196638.2	89.313	131	10	3	184	314	3648	3774	1.39e-38	161
predicted_15	XM_021190559.2	94.286	105	4	2	219	322	3901	3798	4.99e-38	159
predicted_15	XM_021190559.2	80.282	142	20	6	164	301	3564	3701	3.06e-20	100
predicted_15	XR_002380634.1	93.333	105	7	0	211	315	564	668	6.45e-37	156
predicted_15	XM_021190128.2	87.681	138	11	4	191	322	4520	4383	6.45e-37	156
predicted_15	XM_029543492.1	94.059	101	5	1	226	326	1576	1477	8.34e-36	152
predicted_15	XM_021218653.2	85.906	149	14	7	163	306	2123	2269	8.34e-36	152
predicted_15	XM_021218652.2	85.906	149	14	7	163	306	2609	2755	8.34e-36	152
predicted_15	XM_029536097.1	94.845	97	4	1	230	326	3556	3461	3.00e-35	150
predicted_15	XM_029535280.1	90.991	111	9	1	184	294	4065	4174	1.08e-34	148
predicted_15	XM_029533924.1	94.792	96	4	1	229	324	2325	2419	1.08e-34	148
predicted_15	XM_029533923.1	94.792	96	4	1	229	324	2372	2466	1.08e-34	148
predicted_15	XM_021186816.2	94.792	96	4	1	229	324	2369	2463	1.08e-34	148
predicted_15	XM_021219047.1	87.023	131	14	2	172	302	3913	3786	1.40e-33	145
predicted_15	XM_029538486.1	88.889	117	11	1	203	317	3430	3314	5.02e-33	143
predicted_15	XM_021202498.2	85.714	140	15	5	166	302	2662	2525	5.02e-33	143
predicted_15	XM_021202497.2	85.714	140	15	5	166	302	2715	2578	5.02e-33	143
predicted_15	XM_029536748.1	90.566	106	10	0	215	320	5665	5560	1.81e-32	141
predicted_15	XM_029536746.1	90.566	106	10	0	215	320	5329	5224	1.81e-32	141
predicted_15	XM_029536745.1	90.566	106	10	0	215	320	5479	5374	1.81e-32	141
predicted_15	XM_029536744.1	90.566	106	10	0	215	320	5572	5467	1.81e-32	141
predicted_15	XM_029536157.1	84.106	151	18	4	172	317	5574	5425	1.81e-32	141
predicted_15	XM_021222255.2	87.603	121	13	2	198	317	2876	2757	6.50e-32	139
predicted_15	XM_029543387.1	92.708	96	6	1	208	303	3872	3966	2.34e-31	137
predicted_15	XM_021218863.2	88.136	118	11	1	189	303	3850	3733	2.34e-31	137
predicted_15	XM_021207446.2	92.708	96	6	1	208	303	3977	4071	2.34e-31	137
predicted_15	XM_021205603.2	93.478	92	6	0	192	283	2	93	2.34e-31	137
predicted_15	XM_021186690.1	83.537	164	10	10	162	325	3006	2860	2.34e-31	137
predicted_15	XM_029542380.1	84.354	147	14	5	173	316	2990	2850	8.40e-31	135
predicted_15	XM_021222328.1	89.623	106	11	0	192	297	1529	1634	8.40e-31	135
predicted_15	XM_021205597.2	84.354	147	14	5	173	316	2951	2811	8.40e-31	135
predicted_15	XM_021199159.2	90.291	103	10	0	176	278	2930	2828	8.40e-31	135
predicted_15	XM_021211018.2	83.673	147	18	6	179	325	3143	3003	3.02e-30	134
predicted_15	XM_021205515.2	84.000	150	13	9	163	312	1085	1223	3.02e-30	134
predicted_15	XR_003845086.1	89.623	106	8	3	163	268	79	181	1.09e-29	132
predicted_15	XM_021216521.2	87.179	117	14	1	177	292	1703	1587	1.09e-29	132
predicted_15	XM_029540827.1	87.179	117	11	3	191	305	6973	6859	3.91e-29	130
predicted_15	XM_029540827.1	100.000	28	0	0	224	251	6735	6708	8.70e-06	52.8
predicted_15	XM_029532094.1	93.182	88	6	0	193	280	2653	2740	3.91e-29	130
predicted_15	XM_021202178.2	87.179	117	11	3	191	305	6946	6832	3.91e-29	130
predicted_15	XM_021202178.2	100.000	28	0	0	224	251	6708	6681	8.70e-06	52.8
predicted_15	XM_021205221.2	93.182	88	5	1	240	327	2047	1961	1.41e-28	128
predicted_15	XM_029543280.1	89.899	99	8	2	198	295	1705	1802	5.06e-28	126
predicted_15	XM_029540526.1	94.048	84	3	2	198	280	4036	4118	5.06e-28	126
predicted_15	XM_029540525.1	94.048	84	3	2	198	280	4015	4097	5.06e-28	126
predicted_15	XM_029540524.1	94.048	84	3	2	198	280	4044	4126	5.06e-28	126
predicted_15	XM_029540523.1	94.048	84	3	2	198	280	3974	4056	5.06e-28	126
predicted_15	XM_029540522.1	94.048	84	3	2	198	280	3984	4066	5.06e-28	126
predicted_15	XM_029540521.1	94.048	84	3	2	198	280	4218	4300	5.06e-28	126
predicted_15	XM_029540520.1	94.048	84	3	2	198	280	4167	4249	5.06e-28	126
predicted_15	XM_029540519.1	94.048	84	3	2	198	280	4170	4252	5.06e-28	126
predicted_15	XM_029540518.1	94.048	84	3	2	198	280	4147	4229	5.06e-28	126
predicted_15	XM_029540517.1	94.048	84	3	2	198	280	4179	4261	5.06e-28	126
predicted_15	XM_029540516.1	94.048	84	3	2	198	280	4161	4243	5.06e-28	126
predicted_15	XM_029540515.1	94.048	84	3	2	198	280	4174	4256	5.06e-28	126
predicted_15	XM_021201632.2	94.048	84	3	2	198	280	4171	4253	5.06e-28	126
predicted_15	XM_021191754.2	90.526	95	9	0	208	302	4330	4424	5.06e-28	126
predicted_15	XM_021196129.2	89.109	101	10	1	163	262	760	660	1.82e-27	124
predicted_15	XM_021198262.1	89.000	100	9	1	205	302	2339	2438	6.54e-27	122
predicted_15	XM_021190070.1	84.677	124	16	2	181	301	2645	2768	2.35e-26	121
predicted_15	XM_029535030.1	94.667	75	4	0	229	303	2240	2166	3.04e-25	117
predicted_15	XM_021190709.2	94.667	75	4	0	229	303	2480	2406	3.04e-25	117
predicted_15	XM_029544795.1	84.956	113	15	1	204	316	1615	1505	3.94e-24	113
predicted_15	XM_029544793.1	84.956	113	15	1	204	316	1670	1560	3.94e-24	113
predicted_15	XM_021209477.2	84.956	113	15	1	204	316	1606	1496	3.94e-24	113
predicted_15	XM_021209475.1	85.455	110	14	1	204	313	4129	4236	3.94e-24	113
predicted_15	XM_021209474.1	85.455	110	14	1	204	313	4147	4254	3.94e-24	113
predicted_15	XM_021209472.1	85.455	110	14	1	204	313	4536	4643	3.94e-24	113
predicted_15	XM_021209470.1	85.455	110	14	1	204	313	4554	4661	3.94e-24	113
predicted_15	XM_021206305.1	88.660	97	6	4	211	304	2524	2430	3.94e-24	113
predicted_15	XM_021206304.1	88.660	97	6	4	211	304	2433	2339	3.94e-24	113
predicted_15	XM_021206303.1	88.660	97	6	4	211	304	2365	2271	3.94e-24	113
predicted_15	XM_021193504.1	80.000	165	23	5	164	326	2500	2656	3.94e-24	113
predicted_15	XM_029544610.1	85.981	107	12	3	173	279	3891	3788	1.42e-23	111
predicted_15	XM_029544185.1	83.721	129	9	7	178	305	3375	3492	1.42e-23	111
predicted_15	XM_021222330.2	89.888	89	6	3	162	249	6226	6140	1.42e-23	111
predicted_15	XM_021209330.2	85.981	107	12	3	173	279	3858	3755	1.42e-23	111
predicted_15	XM_021200130.1	84.167	120	13	4	192	305	4276	4395	1.42e-23	111
predicted_15	XM_021200129.1	84.167	120	13	4	192	305	3234	3353	1.42e-23	111
predicted_15	XM_021200128.1	84.167	120	13	4	192	305	3922	4041	1.42e-23	111
predicted_15	XM_021200127.1	84.167	120	13	4	192	305	4167	4286	1.42e-23	111
predicted_15	XM_021200126.1	84.167	120	13	4	192	305	4170	4289	1.42e-23	111
predicted_15	XM_021193914.2	94.521	73	3	1	176	248	3083	3154	1.42e-23	111
predicted_15	XR_003845373.1	86.408	103	11	2	203	303	988	1089	5.09e-23	110
predicted_15	XM_029533658.1	90.361	83	8	0	244	326	1935	1853	5.09e-23	110
predicted_15	XM_021209717.2	98.387	62	1	0	191	252	3771	3832	5.09e-23	110
predicted_15	XR_002380509.1	83.333	120	16	3	198	314	539	421	1.83e-22	108
predicted_15	XM_029545277.1	91.250	80	5	2	258	336	5976	5898	1.83e-22	108
predicted_15	XM_029545276.1	91.250	80	5	2	258	336	5921	5843	1.83e-22	108
predicted_15	XM_029532696.1	94.366	71	2	2	258	328	1305	1237	1.83e-22	108
predicted_15	XM_021213533.1	88.764	89	8	2	173	261	1685	1771	1.83e-22	108
predicted_15	XM_021211156.2	91.250	80	5	2	258	336	6045	5967	1.83e-22	108
predicted_15	XM_021198972.2	94.286	70	4	0	253	322	1283	1214	1.83e-22	108
predicted_15	XM_021198107.2	95.588	68	2	1	259	326	4672	4606	1.83e-22	108
predicted_15	XM_029546479.1	94.286	70	3	1	259	328	425	357	6.59e-22	106
predicted_15	XM_021194236.2	92.105	76	4	2	255	330	1869	1796	6.59e-22	106
predicted_15	XM_029540784.1	94.203	69	3	1	259	327	6183	6116	2.37e-21	104
predicted_15	XM_029540783.1	94.203	69	3	1	259	327	6267	6200	2.37e-21	104
predicted_15	XM_029540782.1	94.203	69	3	1	259	327	6315	6248	2.37e-21	104
predicted_15	XM_029540781.1	94.203	69	3	1	259	327	6318	6251	2.37e-21	104
predicted_15	XM_029538249.1	95.385	65	3	0	181	245	2130	2194	2.37e-21	104
predicted_15	XM_029538248.1	95.385	65	3	0	181	245	2112	2176	2.37e-21	104
predicted_15	XM_029538247.1	95.385	65	3	0	181	245	2152	2216	2.37e-21	104
predicted_15	XM_021220634.2	92.000	75	5	1	251	325	1657	1584	2.37e-21	104
predicted_15	XM_021217410.1	92.000	75	5	1	181	255	1846	1919	2.37e-21	104
predicted_15	XM_021197538.2	95.385	65	3	0	181	245	2155	2219	2.37e-21	104
predicted_15	XM_029548014.1	94.118	68	3	1	259	326	4419	4353	8.52e-21	102
predicted_15	XM_029548013.1	94.118	68	3	1	259	326	4100	4034	8.52e-21	102
predicted_15	XM_021218392.1	86.813	91	12	0	202	292	1122	1212	8.52e-21	102
predicted_15	XM_021193854.1	90.909	77	5	1	199	273	2449	2525	8.52e-21	102
predicted_15	XM_021193852.1	90.909	77	5	1	199	273	2548	2624	8.52e-21	102
predicted_15	XM_029537944.1	93.939	66	4	0	257	322	3424	3359	3.06e-20	100
predicted_15	XM_029542812.1	95.161	62	3	0	264	325	2893	2832	1.10e-19	99.0
predicted_15	XM_029542811.1	95.161	62	3	0	264	325	2480	2419	1.10e-19	99.0
predicted_15	XM_021190777.1	85.714	98	8	5	163	255	3142	3046	1.10e-19	99.0
predicted_15	XM_021190768.1	85.714	98	8	5	163	255	3115	3019	1.10e-19	99.0
predicted_15	XM_021190744.1	85.714	98	8	5	163	255	3254	3158	1.10e-19	99.0
predicted_15	XM_029540851.1	91.549	71	5	1	254	324	2171	2102	3.96e-19	97.1
predicted_15	XM_021210284.2	93.750	64	4	0	230	293	5163	5100	3.96e-19	97.1
predicted_15	XM_021202430.2	91.549	71	5	1	254	324	1947	1878	3.96e-19	97.1
predicted_15	XM_029546199.1	95.082	61	2	1	262	322	2868	2809	1.43e-18	95.3
predicted_15	XM_029546198.1	95.082	61	2	1	262	322	2871	2812	1.43e-18	95.3
predicted_15	XM_029546197.1	95.082	61	2	1	262	322	2874	2815	1.43e-18	95.3
predicted_15	XM_029544864.1	92.424	66	5	0	261	326	3403	3338	1.43e-18	95.3
predicted_15	XM_029544861.1	92.424	66	5	0	261	326	3481	3416	1.43e-18	95.3
predicted_15	XM_029544860.1	92.424	66	5	0	261	326	3514	3449	1.43e-18	95.3
predicted_15	XM_029543611.1	92.424	66	5	0	259	324	2401	2336	1.43e-18	95.3
predicted_15	XM_029534148.1	95.000	60	3	0	181	240	6423	6482	1.43e-18	95.3
predicted_15	XM_029534147.1	95.000	60	3	0	181	240	6378	6437	1.43e-18	95.3
predicted_15	XM_021213029.2	95.082	61	2	1	262	322	2867	2808	1.43e-18	95.3
predicted_15	XM_021208977.2	92.424	66	5	0	261	326	3384	3319	1.43e-18	95.3
predicted_15	XM_021208974.2	92.424	66	5	0	261	326	3463	3398	1.43e-18	95.3
predicted_15	XM_021208973.2	92.424	66	5	0	261	326	3463	3398	1.43e-18	95.3
predicted_15	XM_021208972.2	92.424	66	5	0	261	326	3475	3410	1.43e-18	95.3
predicted_15	XM_021208971.2	92.424	66	5	0	261	326	3496	3431	1.43e-18	95.3
predicted_15	XM_021201768.2	84.314	102	11	4	162	259	4654	4554	1.43e-18	95.3
predicted_15	XM_021187687.2	95.000	60	3	0	181	240	6426	6485	1.43e-18	95.3
predicted_15	XM_029540936.1	79.021	143	25	3	180	322	1757	1620	5.13e-18	93.5
predicted_15	XM_029540935.1	79.021	143	25	3	180	322	1835	1698	5.13e-18	93.5
predicted_15	XM_029540129.1	95.000	60	1	2	270	329	5049	4992	5.13e-18	93.5
predicted_15	XM_029537781.1	90.278	72	6	1	259	330	4184	4114	5.13e-18	93.5
predicted_15	XM_029537779.1	90.278	72	6	1	259	330	5072	5002	5.13e-18	93.5
predicted_15	XM_021222643.1	84.314	102	9	3	200	299	2278	2182	5.13e-18	93.5
predicted_15	XM_021222642.1	84.314	102	9	3	200	299	2479	2383	5.13e-18	93.5
predicted_15	XM_021196362.2	90.278	72	6	1	259	330	5071	5001	5.13e-18	93.5
predicted_15	XR_003845163.1	92.308	65	4	1	265	329	2473	2410	1.84e-17	91.6
predicted_15	XM_029538312.1	98.039	51	1	0	242	292	2271	2221	6.63e-17	89.8
predicted_15	XM_029538306.1	98.039	51	1	0	242	292	2552	2502	6.63e-17	89.8
predicted_15	XM_021212698.2	89.041	73	7	1	253	325	2735	2664	6.63e-17	89.8
predicted_15	XM_021211270.2	80.292	137	11	10	183	305	1279	1145	6.63e-17	89.8
predicted_15	XM_021201237.2	91.045	67	5	1	259	325	1405	1340	6.63e-17	89.8
predicted_15	XM_021198638.2	92.188	64	4	1	259	322	3990	3928	6.63e-17	89.8
predicted_15	XM_021197861.2	98.039	51	1	0	242	292	2514	2464	6.63e-17	89.8
predicted_15	XM_029544087.1	90.909	66	5	1	256	321	3	67	2.39e-16	87.9
predicted_15	XM_021220524.1	85.714	84	11	1	200	283	1964	1882	2.39e-16	87.9
predicted_15	XR_003844808.1	91.803	61	5	0	237	297	2360	2300	8.58e-16	86.1
predicted_15	XR_003842801.1	96.226	53	1	1	274	326	1642	1591	8.58e-16	86.1
predicted_15	XM_029547689.1	89.855	69	4	3	164	229	3425	3493	8.58e-16	86.1
predicted_15	XM_029544111.1	91.803	61	5	0	237	297	2289	2229	8.58e-16	86.1
predicted_15	XM_029544110.1	91.803	61	5	0	237	297	2382	2322	8.58e-16	86.1
predicted_15	XM_021215935.2	89.855	69	4	3	164	229	3428	3496	8.58e-16	86.1
predicted_15	XM_021212549.2	89.552	67	7	0	250	316	1654	1720	8.58e-16	86.1
predicted_15	XM_021212549.2	100.000	38	0	0	218	255	2700	2663	2.40e-11	71.3
predicted_15	XM_021208421.2	91.803	61	5	0	237	297	2247	2187	8.58e-16	86.1
predicted_15	XR_003843294.1	94.444	54	3	0	259	312	833	780	3.09e-15	84.2
predicted_15	XM_029540012.1	84.706	85	12	1	232	316	1754	1671	3.09e-15	84.2
predicted_15	XM_029540011.1	84.706	85	12	1	232	316	1952	1869	3.09e-15	84.2
predicted_15	XM_029540010.1	84.706	85	12	1	232	316	1814	1731	3.09e-15	84.2
predicted_15	XM_029538011.1	86.250	80	8	3	176	255	4048	4124	3.09e-15	84.2
predicted_15	XM_029538011.1	93.023	43	3	0	272	314	4118	4160	4.02e-09	63.9
predicted_15	XM_029533768.1	91.803	61	4	1	171	231	3180	3239	3.09e-15	84.2
predicted_15	XM_029533766.1	91.803	61	4	1	171	231	3175	3234	3.09e-15	84.2
predicted_15	XM_029533765.1	91.803	61	4	1	171	231	3305	3364	3.09e-15	84.2
predicted_15	XM_029533764.1	91.803	61	4	1	171	231	3425	3484	3.09e-15	84.2
predicted_15	XM_029533763.1	91.803	61	4	1	171	231	3428	3487	3.09e-15	84.2
predicted_15	XM_021214697.2	89.706	68	4	3	274	340	1	66	3.09e-15	84.2
predicted_15	XM_021196127.2	86.250	80	8	3	176	255	4142	4218	3.09e-15	84.2
predicted_15	XM_021196127.2	93.023	43	3	0	272	314	4212	4254	4.02e-09	63.9
predicted_15	XM_021186969.2	91.803	61	4	1	171	231	3308	3367	3.09e-15	84.2
predicted_15	XM_029534267.1	94.231	52	3	0	217	268	1951	1900	3.99e-14	80.5
predicted_15	XM_029534266.1	94.231	52	3	0	217	268	1966	1915	3.99e-14	80.5
predicted_15	XM_029533157.1	91.379	58	5	0	260	317	2195	2138	3.99e-14	80.5
predicted_15	XM_021188439.2	94.231	52	3	0	217	268	2129	2078	3.99e-14	80.5
predicted_15	XM_021209550.2	92.593	54	4	0	272	325	4739	4686	1.44e-13	78.7
predicted_15	XM_021220343.2	84.615	78	11	1	184	260	4011	3934	5.17e-13	76.8
predicted_15	XM_029540168.1	92.453	53	3	1	275	327	1843	1792	1.86e-12	75.0
predicted_15	XM_029535386.1	93.878	49	3	0	278	326	1520	1472	1.86e-12	75.0
predicted_15	XM_021213426.2	85.714	70	10	0	275	344	1912	1843	1.86e-12	75.0
predicted_15	XM_021205350.2	91.228	57	2	3	176	231	2676	2730	1.86e-12	75.0
predicted_15	XM_021191736.2	93.878	49	3	0	278	326	1628	1580	1.86e-12	75.0
predicted_15	XM_021220403.2	95.556	45	2	0	246	290	2031	1987	6.68e-12	73.1
predicted_15	XM_021213308.2	86.111	72	4	6	171	240	924	991	6.68e-12	73.1
predicted_15	XM_021211285.2	92.308	52	3	1	274	325	2741	2691	6.68e-12	73.1
predicted_15	XM_029541055.1	88.333	60	4	2	168	227	3040	3096	8.64e-11	69.4
predicted_15	XM_029541054.1	88.333	60	4	2	168	227	3072	3128	8.64e-11	69.4
predicted_15	XM_021202246.2	88.333	60	4	2	168	227	3048	3104	8.64e-11	69.4
predicted_15	XM_029540213.1	97.368	38	1	0	229	266	2254	2291	1.12e-09	65.8
predicted_15	XM_029540212.1	97.368	38	1	0	229	266	2278	2315	1.12e-09	65.8
predicted_15	XM_021201351.2	97.368	38	1	0	229	266	2315	2352	1.12e-09	65.8
predicted_15	XM_021212955.2	95.122	41	1	1	264	303	2905	2865	4.02e-09	63.9
predicted_15	XM_021214971.2	89.796	49	1	3	273	317	1666	1714	5.20e-08	60.2
predicted_15	XR_003844616.1	100.000	31	0	0	272	302	338	308	1.87e-07	58.4
predicted_15	XR_003844615.1	100.000	31	0	0	272	302	272	242	1.87e-07	58.4
predicted_15	XM_029540202.1	90.698	43	3	1	184	226	4238	4279	6.73e-07	56.5
predicted_15	XM_029540201.1	90.698	43	3	1	184	226	2918	2959	6.73e-07	56.5
predicted_15	XM_021200386.2	90.698	43	3	1	184	226	3081	3122	6.73e-07	56.5
predicted_16	XM_029543461.1	100.000	285	0	0	1	285	1	285	1.19e-148	527
predicted_17	XM_021195186.2	100.000	403	0	0	1	403	1	403	0.0	745
predicted_18	XM_021199158.1	100.000	195	0	0	1	195	1	195	1.27e-98	361
predicted_18	XM_021199158.1	100.000	139	0	0	377	515	193	331	1.72e-67	257
predicted_19	XM_021206862.2	100.000	283	0	0	1	283	1	283	1.53e-147	523
predicted_19	XM_021206861.1	100.000	283	0	0	1	283	1	283	1.53e-147	523
predicted_20	XM_021197785.2	100.000	331	0	0	1	331	1	331	3.18e-174	612
predicted_21	XM_029547113.1	100.000	114	0	0	1	114	1	114	1.36e-53	211
predicted_21	XM_021214885.2	100.000	114	0	0	1	114	1	114	1.36e-53	211
predicted_22	XM_021188514.2	100.000	182	0	0	1	182	1	182	2.15e-91	337
predicted_22	XM_021188514.2	100.000	43	0	0	473	515	183	225	3.99e-14	80.5
predicted_22	XM_029534432.1	100.000	43	0	0	429	471	3083	3041	3.99e-14	80.5
predicted_22	XM_021187639.2	100.000	43	0	0	429	471	3196	3154	3.99e-14	80.5
predicted_23	XM_029544011.1	100.000	79	0	0	1	79	1	79	3.88e-34	147
predicted_24	XM_021213324.1	100.000	164	0	0	351	514	156	319	2.18e-81	303
predicted_24	XM_021213324.1	100.000	157	0	0	1	157	1	157	1.69e-77	291
predicted_25	XM_021215966.1	100.000	118	0	0	1	118	1	118	8.11e-56	219
predicted_25	XM_021215958.2	100.000	65	0	0	54	118	1	65	2.35e-26	121
predicted_26	XM_029532154.1	100.000	89	0	0	1	89	1	89	1.07e-39	165
predicted_27	XM_021211001.1	100.000	515	0	0	1	515	1	515	0.0	952
predicted_28	XM_021197187.2	100.000	133	0	0	1	133	1	133	3.72e-64	246
predicted_29	XM_029543632.1	100.000	284	0	0	163	446	284	1	4.27e-148	525
predicted_29	XM_021207590.2	100.000	284	0	0	163	446	284	1	4.27e-148	525
predicted_29	XM_029543630.1	100.000	283	0	0	164	446	283	1	1.53e-147	523
predicted_29	XM_021207866.2	100.000	115	0	0	1	115	1	115	3.77e-54	213
predicted_30	XM_021218181.1	100.000	515	0	0	1	515	1	515	0.0	952
predicted_30	XM_021218180.2	100.000	515	0	0	1	515	1	515	0.0	952
predicted_31	XM_021211125.2	100.000	252	0	0	1	252	1	252	2.62e-130	466
predicted_32	XM_021198311.1	100.000	515	0	0	1	515	1	515	0.0	952
predicted_33	XM_021207033.1	100.000	355	0	0	1	355	1	355	0.0	656
predicted_33	XM_029543455.1	100.000	312	0	0	41	352	1	312	1.16e-163	577
predicted_33	XM_029543454.1	100.000	311	0	0	41	351	1	311	4.18e-163	575
predicted_34	XM_021211954.2	100.000	277	0	0	1	277	1	277	3.32e-144	512
predicted_35	XM_029532488.1	100.000	72	0	0	1	72	1	72	3.02e-30	134
predicted_36	XM_021208741.1	100.000	232	0	0	1	232	1	232	3.44e-119	429
predicted_37	XM_021216843.1	100.000	211	0	0	1	211	1	211	1.62e-107	390
predicted_38	XM_021201756.2	100.000	515	0	0	1	515	1	515	0.0	952
predicted_39	XM_021201888.1	100.000	472	0	0	1	472	1	472	0.0	872
predicted_40	XM_021219104.2	100.000	74	0	0	1	74	1	74	2.34e-31	137
predicted_41	XM_021205692.1	100.000	82	0	0	1	82	1	82	8.34e-36	152
predicted_42	XM_029532723.1	100.000	107	0	0	1	107	1	107	1.06e-49	198
predicted_43	XM_021203289.2	99.500	200	1	0	1	200	1	200	9.84e-100	364
predicted_43	XM_021203289.2	100.000	74	0	0	354	427	197	270	2.34e-31	137
predicted_43	XR_002380800.2	94.643	56	3	0	372	427	5	60	2.39e-16	87.9
predicted_44	XR_003843874.1	100.000	323	0	0	1	323	1	323	8.92e-170	597
predicted_44	XM_029538637.1	100.000	323	0	0	1	323	1	323	8.92e-170	597
predicted_44	XM_029538636.1	100.000	323	0	0	1	323	1	323	8.92e-170	597
predicted_44	XM_029538634.1	100.000	323	0	0	1	323	1	323	8.92e-170	597
predicted_44	XM_021197946.2	100.000	323	0	0	1	323	1	323	8.92e-170	597
predicted_44	XM_021197945.2	100.000	323	0	0	1	323	1	323	8.92e-170	597
predicted_44	XM_021197944.2	100.000	323	0	0	1	323	1	323	8.92e-170	597
predicted_45	XM_021211159.1	100.000	253	0	0	1	253	1	253	7.29e-131	468
predicted_46	XM_021207533.1	100.000	515	0	0	1	515	1	515	0.0	952
predicted_46	XM_021207532.1	100.000	509	0	0	7	515	1	509	0.0	941
predicted_47	XM_021214008.2	100.000	192	0	0	1	192	1	192	5.92e-97	355
predicted_48	XM_021187867.2	100.000	213	0	0	1	213	1	213	1.26e-108	394
predicted_49	XM_029538040.1	100.000	101	0	0	1	101	1	101	2.29e-46	187
predicted_50	XM_021218388.1	100.000	468	0	0	1	468	1	468	0.0	865
predicted_51	XM_021203797.2	99.688	321	1	0	1	321	1	321	5.37e-167	588
predicted_51	XM_021197898.2	97.500	40	1	0	219	258	1387	1426	8.64e-11	69.4
predicted_51	XM_021197897.2	97.500	40	1	0	219	258	1822	1861	8.64e-11	69.4
predicted_51	XM_021221223.1	78.846	104	18	3	215	316	464	565	3.11e-10	67.6
predicted_52	XM_021213005.2	100.000	78	0	0	1	78	1	78	1.40e-33	145
predicted_53	XM_021200005.2	100.000	515	0	0	1	515	1	515	0.0	952
predicted_54	XM_021192926.1	100.000	308	0	0	1	308	1	308	1.94e-161	569
predicted_54	XM_021192924.1	100.000	308	0	0	1	308	1	308	1.94e-161	569
predicted_55	XM_021203455.1	100.000	164	0	0	1	164	1	164	2.18e-81	303
predicted_56	XM_021221073.2	99.702	336	1	0	1	336	1	336	2.46e-175	616
predicted_57	XM_021190529.2	100.000	170	0	0	1	170	1	170	1.01e-84	315
predicted_58	XM_021222198.2	100.000	182	0	0	1	182	1	182	2.15e-91	337
predicted_58	XM_021222197.2	100.000	182	0	0	1	182	1	182	2.15e-91	337
predicted_59	XM_029541026.1	100.000	116	0	0	1	116	1	116	1.05e-54	215
predicted_60	XM_029541503.1	100.000	208	0	0	1	208	1	208	7.56e-106	385
predicted_60	XM_021202981.1	100.000	208	0	0	1	208	1	208	7.56e-106	385
predicted_60	XM_029541500.1	100.000	162	0	0	49	210	1	162	2.82e-80	300
predicted_60	XM_029541498.1	100.000	162	0	0	49	210	1	162	2.82e-80	300
predicted_60	XM_029541496.1	100.000	162	0	0	49	210	1	162	2.82e-80	300
predicted_60	XM_029541495.1	100.000	162	0	0	49	210	1	162	2.82e-80	300
predicted_60	XM_029541494.1	100.000	162	0	0	49	210	1	162	2.82e-80	300
predicted_60	XM_029541492.1	100.000	162	0	0	49	210	1	162	2.82e-80	300
predicted_60	XM_029541501.1	100.000	161	0	0	50	210	1	161	1.01e-79	298
predicted_60	XM_029541497.1	100.000	160	0	0	49	208	1	160	3.64e-79	296
predicted_60	XM_029541493.1	100.000	160	0	0	49	208	1	160	3.64e-79	296
predicted_60	XM_029541502.1	100.000	159	0	0	50	208	1	159	1.31e-78	294
predicted_60	XM_029541499.1	100.000	159	0	0	50	208	1	159	1.31e-78	294
predicted_60	XM_021202982.2	100.000	159	0	0	50	208	1	159	1.31e-78	294
predicted_61	XM_021206290.2	100.000	238	0	0	1	238	1	238	1.59e-122	440
predicted_62	XM_029532239.1	100.000	137	0	0	1	137	1	137	2.22e-66	254
predicted_63	XM_029532246.1	100.000	107	0	0	1	107	1	107	1.06e-49	198
predicted_63	XM_029532246.1	100.000	77	0	0	225	301	106	182	5.02e-33	143
predicted_63	XM_029532245.1	100.000	107	0	0	1	107	1	107	1.06e-49	198
predicted_63	XM_029532245.1	100.000	78	0	0	225	302	106	183	1.40e-33	145
predicted_63	XM_029532244.1	100.000	107	0	0	1	107	1	107	1.06e-49	198
predicted_63	XM_029532244.1	100.000	77	0	0	225	301	106	182	5.02e-33	143
predicted_63	XM_029532243.1	100.000	107	0	0	1	107	1	107	1.06e-49	198
predicted_63	XM_029532243.1	100.000	77	0	0	225	301	106	182	5.02e-33	143
predicted_63	XM_029532242.1	100.000	107	0	0	1	107	1	107	1.06e-49	198
predicted_63	XM_029532242.1	100.000	78	0	0	225	302	106	183	1.40e-33	145
predicted_63	XM_021219795.2	100.000	107	0	0	1	107	1	107	1.06e-49	198
predicted_63	XM_021219795.2	100.000	78	0	0	225	302	106	183	1.40e-33	145
predicted_64	XM_029540472.1	100.000	106	0	0	1	106	1	106	3.80e-49	196
predicted_64	XM_029540467.1	100.000	106	0	0	1	106	1	106	3.80e-49	196
predicted_65	XM_029535614.1	100.000	515	0	0	1	515	1	515	0.0	952
predicted_66	XM_021207379.2	100.000	190	0	0	1	190	1	190	7.66e-96	351
predicted_67	XM_021203248.1	100.000	93	0	0	1	93	1	93	6.40e-42	172
predicted_68	XR_002381281.2	100.000	405	0	0	1	405	1	405	0.0	749
predicted_68	XM_021221088.2	100.000	405	0	0	1	405	1	405	0.0	749
predicted_68	XM_021221087.2	100.000	405	0	0	1	405	1	405	0.0	749
predicted_68	XM_029533076.1	100.000	399	0	0	7	405	1	399	0.0	737
predicted_68	XM_029533074.1	100.000	398	0	0	8	405	1	398	0.0	736
predicted_68	XM_029533075.1	100.000	397	0	0	8	404	1	397	0.0	734
predicted_69	XM_021194026.2	100.000	186	0	0	1	186	1	186	1.28e-93	344
predicted_69	XM_021205971.1	91.503	153	13	0	363	515	4606	4454	1.36e-53	211
predicted_69	XM_029547589.1	88.701	177	10	8	341	515	3086	3254	1.76e-52	207
predicted_69	XM_021202311.2	85.625	160	21	2	353	512	1808	1965	2.98e-40	167
predicted_69	XR_002381276.1	85.714	154	20	2	353	506	836	685	1.39e-38	161
predicted_69	XM_021216521.2	83.432	169	20	6	348	515	1883	1722	3.00e-35	150
predicted_69	XM_021211789.1	84.667	150	21	2	366	515	1134	987	1.08e-34	148
predicted_69	XM_021192580.1	82.581	155	26	1	361	515	2595	2442	8.40e-31	135
predicted_69	XM_021211094.1	81.988	161	24	4	357	515	2880	2723	1.09e-29	132
predicted_69	XM_029533793.1	81.208	149	23	4	368	515	2969	2825	1.09e-24	115
predicted_69	XM_021222612.1	81.208	149	23	4	368	515	3142	2998	1.09e-24	115
predicted_69	XM_021222611.2	81.208	149	23	4	368	515	2976	2832	1.09e-24	115
predicted_69	XM_021222610.1	81.208	149	23	4	368	515	3072	2928	1.09e-24	115
predicted_69	XM_029533734.1	85.185	108	15	1	407	514	1065	1171	5.09e-23	110
predicted_69	XM_029533733.1	85.185	108	15	1	407	514	1189	1295	5.09e-23	110
predicted_69	XM_021187228.2	85.185	108	15	1	407	514	1101	1207	5.09e-23	110
predicted_69	XM_029548165.1	78.488	172	26	4	344	515	2611	2451	8.52e-21	102
predicted_69	XM_029548164.1	78.488	172	26	4	344	515	2766	2606	8.52e-21	102
predicted_69	XM_029548163.1	78.488	172	26	4	344	515	2782	2622	8.52e-21	102
predicted_69	XM_021217151.2	78.488	172	26	4	344	515	2847	2687	8.52e-21	102
predicted_69	XM_021219789.2	91.781	73	5	1	434	506	1579	1508	3.06e-20	100
predicted_69	XM_029535679.1	96.491	57	2	0	459	515	1581	1525	1.43e-18	95.3
predicted_69	XM_029535372.1	84.000	100	15	1	416	515	1426	1328	1.43e-18	95.3
predicted_69	XM_029535365.1	84.000	100	15	1	416	515	1489	1391	1.43e-18	95.3
predicted_69	XM_021190867.2	84.000	100	15	1	416	515	1412	1314	1.43e-18	95.3
predicted_69	XM_021190860.2	84.000	100	15	1	416	515	1475	1377	1.43e-18	95.3
predicted_69	XM_021190019.2	96.491	57	2	0	459	515	1702	1646	1.43e-18	95.3
predicted_69	XM_029548155.1	100.000	48	0	0	468	515	2540	2493	6.63e-17	89.8
predicted_69	XM_029534166.1	96.154	52	2	0	464	515	6595	6544	8.58e-16	86.1
predicted_69	XM_029534165.1	96.154	52	2	0	464	515	6598	6547	8.58e-16	86.1
predicted_69	XM_021209883.1	82.653	98	16	1	406	503	2527	2623	8.58e-16	86.1
predicted_69	XM_021212779.2	96.078	51	2	0	465	515	10649	10599	3.09e-15	84.2
predicted_69	XM_029537068.1	96.000	50	2	0	466	515	1479	1430	1.11e-14	82.4
predicted_69	XM_021202705.2	77.027	148	28	4	352	495	2436	2291	1.11e-14	82.4
predicted_69	XM_021219551.2	85.333	75	9	2	438	512	3137	3065	5.17e-13	76.8
predicted_69	XM_021219550.2	85.333	75	9	2	438	512	4681	4609	5.17e-13	76.8
predicted_69	XM_029533389.1	100.000	40	0	0	476	515	3565	3526	1.86e-12	75.0
predicted_69	XM_029543811.1	95.349	43	2	0	473	515	3197	3155	8.64e-11	69.4
predicted_69	XM_029543810.1	95.349	43	2	0	473	515	4046	4004	8.64e-11	69.4
predicted_69	XM_021207380.2	95.349	43	2	0	473	515	3358	3316	8.64e-11	69.4
predicted_69	XM_029541139.1	88.889	54	6	0	421	474	3170	3117	3.11e-10	67.6
predicted_69	XM_029539706.1	97.436	39	1	0	477	515	4126	4088	3.11e-10	67.6
predicted_69	XM_021202053.2	88.889	54	6	0	421	474	3213	3160	3.11e-10	67.6
predicted_69	XM_021202051.2	88.889	54	6	0	421	474	2628	2575	3.11e-10	67.6
predicted_69	XM_029538078.1	100.000	34	0	0	441	474	2302	2269	4.02e-09	63.9
predicted_70	XM_029546104.1	100.000	456	0	0	1	456	1	456	0.0	843
predicted_71	XM_021194222.2	100.000	515	0	0	1	515	1	515	0.0	952
predicted_73	XM_021190773.1	100.000	169	0	0	1	169	1	169	3.62e-84	313
predicted_73	XM_021190772.1	100.000	169	0	0	1	169	1	169	3.62e-84	313
predicted_73	XM_021190771.1	100.000	169	0	0	1	169	1	169	3.62e-84	313
predicted_74	XM_021190335.2	100.000	346	0	0	1	346	1	346	0.0	640
predicted_75	XM_021216949.2	100.000	515	0	0	1	515	1	515	0.0	952
predicted_76	XM_021208366.2	100.000	76	0	0	1	76	1	76	1.81e-32	141
predicted_77	XR_002381045.1	100.000	100	0	0	1	100	1	100	8.23e-46	185
predicted_77	XM_021214173.2	100.000	100	0	0	1	100	1	100	8.23e-46	185
predicted_77	XM_021214171.1	100.000	100	0	0	1	100	1	100	8.23e-46	185
predicted_78	XM_029543957.1	100.000	288	0	0	1	288	1	288	2.55e-150	532
predicted_78	XM_021208790.2	100.000	288	0	0	1	288	1	288	2.55e-150	532
predicted_78	XM_021208787.2	100.000	287	0	0	2	288	1	287	9.17e-150	531
predicted_78	XM_021208786.2	100.000	287	0	0	2	288	1	287	9.17e-150	531
predicted_79	XM_021219320.1	100.000	378	0	0	1	378	1	378	0.0	699
predicted_79	XM_021219319.2	100.000	378	0	0	1	378	1	378	0.0	699
predicted_80	XM_029548258.1	100.000	172	0	0	1	172	1	172	7.77e-86	318
predicted_81	XM_021190142.2	100.000	293	0	0	1	293	1	293	4.24e-153	542
predicted_82	XM_029544712.1	100.000	195	0	0	321	515	1	195	1.27e-98	361
predicted_82	XM_021207847.2	100.000	167	0	0	78	244	1	167	4.68e-83	309
predicted_82	XM_029544714.1	98.485	66	1	0	1	66	1	66	3.04e-25	117
predicted_83	XM_021214040.1	100.000	175	0	0	1	175	1	175	1.67e-87	324
predicted_83	XM_029541467.1	100.000	113	0	0	62	174	1	113	4.88e-53	209
predicted_83	XM_029541472.1	100.000	74	0	0	442	515	1	74	2.34e-31	137
predicted_83	XM_029541465.1	100.000	74	0	0	442	515	1	74	2.34e-31	137
predicted_84	XM_021222042.1	100.000	220	0	0	1	220	1	220	1.61e-112	407
predicted_85	XM_029531679.1	100.000	90	0	0	1	90	1	90	2.98e-40	167
predicted_85	XM_029531678.1	100.000	90	0	0	1	90	1	90	2.98e-40	167
predicted_85	XM_029531677.1	100.000	90	0	0	1	90	1	90	2.98e-40	167
predicted_85	XM_029531676.1	100.000	90	0	0	1	90	1	90	2.98e-40	167
predicted_85	XM_029531675.1	100.000	90	0	0	1	90	1	90	2.98e-40	167
predicted_85	XM_029531674.1	100.000	90	0	0	1	90	1	90	2.98e-40	167
predicted_85	XM_021218669.2	100.000	90	0	0	1	90	1	90	2.98e-40	167
predicted_85	XM_021218667.2	100.000	90	0	0	1	90	1	90	2.98e-40	167
predicted_86	XM_021201219.1	100.000	79	0	0	1	79	1	79	3.88e-34	147
predicted_87	XM_029535740.1	100.000	515	0	0	1	515	1	515	0.0	952
predicted_88	XM_021220392.2	100.000	103	0	0	1	103	1	103	1.77e-47	191
predicted_89	XM_021191595.1	100.000	101	0	0	1	101	1	101	2.29e-46	187
predicted_89	XM_021191595.1	100.000	93	0	0	377	469	101	193	6.40e-42	172
predicted_89	XM_021191597.1	100.000	99	0	0	371	469	1	99	2.96e-45	183
predicted_90	XM_029546107.1	100.000	515	0	0	1	515	1	515	0.0	952
predicted_90	XM_021213932.1	100.000	515	0	0	1	515	1192	678	0.0	952
predicted_91	XM_021203883.2	100.000	515	0	0	1	515	1	515	0.0	952
predicted_92	XM_021207903.1	100.000	131	0	0	1	131	1	131	4.81e-63	243
predicted_93	XM_021221565.2	100.000	369	0	0	1	369	1	369	0.0	682
predicted_94	XM_029547675.1	100.000	130	0	0	155	284	1	130	1.73e-62	241
predicted_94	XM_021215774.2	100.000	88	0	0	1	88	1	88	3.85e-39	163
predicted_95	XM_029531597.1	100.000	515	0	0	1	515	1	515	0.0	952
predicted_95	XM_029531598.1	100.000	512	0	0	4	515	1	512	0.0	946
predicted_96	XM_021190146.2	100.000	212	0	0	1	212	1	212	4.52e-108	392
predicted_96	XM_021190143.2	100.000	212	0	0	1	212	1	212	4.52e-108	392
predicted_97	XM_021193272.2	100.000	346	0	0	1	346	1	346	0.0	640
predicted_97	XM_021193273.2	100.000	273	0	0	74	346	1	273	5.56e-142	505
predicted_98	XM_021218303.1	100.000	154	0	0	1	154	1	154	7.88e-76	285
predicted_98	XM_029531436.1	100.000	44	0	0	111	154	1	44	1.11e-14	82.4
predicted_99	XM_029532949.1	99.462	186	0	1	1	186	1	185	2.15e-91	337
predicted_99	XM_029532949.1	100.000	97	0	0	313	409	182	278	3.83e-44	180
predicted_99	XM_029532948.1	100.000	182	0	0	1	182	1	182	2.15e-91	337
predicted_99	XM_029532948.1	98.561	139	2	0	271	409	176	314	3.72e-64	246
predicted_99	XM_021221140.2	100.000	182	0	0	1	182	1	182	2.15e-91	337
predicted_99	XM_021221140.2	98.561	139	2	0	271	409	176	314	3.72e-64	246
predicted_100	XM_021221007.2	100.000	207	0	0	1	207	1	207	2.72e-105	383
predicted_101	XM_021196862.1	100.000	206	0	0	1	206	1	206	9.77e-105	381
predicted_101	XM_021196862.1	100.000	170	0	0	346	515	204	373	1.01e-84	315
predicted_102	XM_021200009.1	100.000	361	0	0	1	361	1	361	0.0	667
predicted_102	XM_029540253.1	100.000	292	0	0	70	361	1	292	1.52e-152	540
predicted_103	XM_021217170.1	100.000	120	0	0	1	120	1	120	6.27e-57	222
predicted_103	XM_021217170.1	98.765	81	1	0	220	300	120	200	1.40e-33	145
predicted_103	XM_021217169.2	100.000	120	0	0	1	120	1	120	6.27e-57	222
predicted_103	XM_021217169.2	98.765	81	1	0	220	300	120	200	1.40e-33	145
predicted_104	XM_021214757.2	100.000	167	0	0	1	167	1	167	4.68e-83	309
predicted_105	XM_021209874.1	100.000	339	0	0	1	339	1	339	1.14e-178	627
predicted_105	XM_029544701.1	100.000	317	0	0	24	340	1	317	1.93e-166	586
predicted_106	XM_029543865.1	100.000	132	0	0	1	132	1	132	1.34e-63	244
predicted_107	XM_021200284.2	100.000	327	0	0	1	327	1	327	5.33e-172	604
predicted_107	XM_021200284.2	100.000	84	0	0	432	515	327	410	6.45e-37	156
predicted_107	XM_021200285.1	100.000	320	0	0	8	327	1	320	4.15e-168	592
predicted_107	XM_021200285.1	100.000	84	0	0	432	515	320	403	6.45e-37	156
predicted_108	XM_021220499.1	100.000	515	0	0	1	515	1	515	0.0	952
predicted_109	XM_029540189.1	100.000	515	0	0	1	515	1	515	0.0	952
predicted_109	XM_021200208.2	100.000	515	0	0	1	515	1	515	0.0	952
predicted_110	XM_021210107.1	99.533	214	0	1	1	213	1	214	5.84e-107	388
predicted_111	XM_021213682.1	100.000	256	0	0	1	256	1	256	1.57e-132	473
predicted_111	XM_021213683.2	100.000	146	0	0	110	255	1	146	2.21e-71	270
predicted_112	XM_021210562.1	100.000	273	0	0	1	273	1	273	5.56e-142	505
predicted_113	XM_021217400.1	100.000	308	0	0	1	308	1	308	1.94e-161	569
predicted_113	XM_021217401.1	100.000	278	0	0	1	278	1	278	9.24e-145	514
predicted_114	XM_021222070.2	100.000	515	0	0	1	515	1	515	0.0	952
predicted_115	XM_021188790.1	100.000	515	0	0	1	515	1	515	0.0	952
predicted_116	XM_021208551.1	100.000	65	0	0	332	396	63	127	2.35e-26	121
predicted_116	XM_021208551.1	100.000	64	0	0	1	64	1	64	8.46e-26	119
predicted_117	XM_029541916.1	100.000	285	0	0	1	285	1	285	1.19e-148	527
predicted_117	XM_029541915.1	100.000	285	0	0	1	285	1	285	1.19e-148	527
predicted_117	XM_029541914.1	100.000	285	0	0	1	285	1	285	1.19e-148	527
predicted_117	XM_021204004.2	100.000	285	0	0	1	285	1	285	1.19e-148	527
predicted_117	XM_021204003.2	100.000	285	0	0	1	285	1	285	1.19e-148	527
predicted_117	XM_021204002.2	100.000	285	0	0	1	285	1	285	1.19e-148	527
predicted_117	XM_021204001.2	100.000	285	0	0	1	285	1	285	1.19e-148	527
predicted_117	XM_021203999.2	100.000	285	0	0	1	285	1	285	1.19e-148	527
predicted_117	XM_021203998.2	100.000	285	0	0	1	285	1	285	1.19e-148	527
predicted_117	XM_021203997.2	100.000	285	0	0	1	285	1	285	1.19e-148	527
predicted_117	XM_021203996.2	100.000	285	0	0	1	285	1	285	1.19e-148	527
predicted_117	XM_021203995.2	100.000	285	0	0	1	285	1	285	1.19e-148	527
predicted_118	XM_029544311.1	100.000	113	0	0	1	113	1	113	4.88e-53	209
predicted_118	XM_029544310.1	100.000	113	0	0	1	113	1	113	4.88e-53	209
predicted_118	XM_029544309.1	100.000	113	0	0	1	113	1	113	4.88e-53	209
predicted_118	XM_029544313.1	100.000	91	0	0	23	113	1	91	8.28e-41	169
predicted_118	XM_029544312.1	100.000	91	0	0	23	113	1	91	8.28e-41	169
predicted_119	XM_021220156.1	100.000	245	0	0	1	245	1	245	2.04e-126	453
predicted_119	XM_021220158.1	100.000	214	0	0	32	245	1	214	3.49e-109	396
predicted_119	XM_021220157.1	100.000	214	0	0	32	245	1	214	3.49e-109	396
predicted_119	XM_021220159.1	100.000	213	0	0	32	244	1	213	1.26e-108	394
predicted_120	XM_029531175.1	100.000	230	0	0	1	230	1	230	4.45e-118	425
predicted_120	XM_021218006.2	100.000	228	0	0	3	230	1	228	5.76e-117	422
predicted_121	XM_021218141.2	100.000	121	0	0	1	121	1	121	1.74e-57	224
predicted_122	XM_021216033.1	100.000	275	0	0	1	275	1	275	4.30e-143	508
predicted_123	XM_021198924.1	100.000	148	0	0	1	148	1	148	1.71e-72	274
predicted_123	XM_021198925.1	100.000	117	0	0	32	148	1	117	2.92e-55	217
predicted_124	XM_021222272.2	98.788	165	2	0	1	165	1	165	1.31e-78	294
predicted_124	XM_021222271.2	98.788	165	2	0	1	165	1	165	1.31e-78	294
predicted_125	XM_021188671.2	100.000	342	0	0	1	342	1	342	2.44e-180	632
predicted_126	XM_021192832.2	100.000	391	0	0	1	391	1	391	0.0	723
predicted_126	XM_021192825.2	100.000	369	0	0	23	391	1	369	0.0	682
predicted_127	XM_021204103.1	100.000	249	0	0	258	506	83	331	1.22e-128	460
predicted_127	XM_021204103.1	100.000	85	0	0	1	85	1	85	1.79e-37	158
predicted_128	XM_029535998.1	100.000	194	0	0	1	194	1	194	4.58e-98	359
predicted_129	XM_029544850.1	100.000	353	0	0	1	353	1	353	0.0	652
predicted_129	XM_021209592.2	100.000	353	0	0	1	353	1	353	0.0	652
predicted_130	XM_021221309.2	100.000	515	0	0	1	515	1	515	0.0	952
predicted_131	XM_021213970.1	100.000	474	0	0	1	474	1	474	0.0	876
predicted_132	XM_021193685.1	100.000	277	0	0	1	277	1	277	3.32e-144	512
predicted_133	XM_021198619.2	100.000	515	0	0	1	515	1	515	0.0	952
predicted_134	XM_021220115.1	100.000	452	0	0	1	452	1	452	0.0	835
predicted_135	XM_021209731.2	100.000	200	0	0	1	200	1	200	2.12e-101	370
predicted_136	XM_021209139.1	98.611	288	3	1	1	288	1	287	4.30e-143	508
predicted_136	XM_021209138.1	98.611	288	3	1	1	288	1	287	4.30e-143	508
predicted_137	XM_021188846.1	99.599	499	0	1	1	497	1	499	0.0	909
predicted_138	XM_021220419.1	99.679	312	1	0	1	312	1	312	5.40e-162	571
predicted_139	XM_021220576.2	100.000	230	0	0	1	230	1	230	4.45e-118	425
predicted_140	XM_021196246.2	100.000	179	0	0	1	179	1	179	9.98e-90	331
predicted_141	XM_021218898.1	100.000	473	0	0	1	473	1	473	0.0	874
predicted_142	XM_029542663.1	100.000	170	0	0	1	170	1	170	1.01e-84	315
predicted_142	XM_029542662.1	100.000	170	0	0	1	170	1	170	1.01e-84	315
predicted_142	XM_029542659.1	100.000	170	0	0	1	170	1	170	1.01e-84	315
predicted_142	XM_029542658.1	100.000	170	0	0	1	170	1	170	1.01e-84	315
predicted_142	XM_029542657.1	100.000	170	0	0	1	170	1	170	1.01e-84	315
predicted_142	XM_029542656.1	100.000	170	0	0	1	170	1	170	1.01e-84	315
predicted_142	XM_029542655.1	100.000	170	0	0	1	170	1	170	1.01e-84	315
predicted_142	XM_021204493.2	100.000	170	0	0	1	170	1	170	1.01e-84	315
predicted_143	XM_021200478.2	100.000	249	0	0	1	249	1	249	1.22e-128	460
predicted_143	XM_021200470.2	100.000	245	0	0	1	245	1	245	2.04e-126	453
predicted_143	XM_021200487.2	100.000	75	0	0	1	75	1	75	6.50e-32	139
predicted_144	XM_021200136.2	100.000	515	0	0	1	515	1	515	0.0	952
predicted_145	XM_021219314.2	100.000	101	0	0	1	101	1	101	2.29e-46	187
predicted_146	XM_021188624.1	100.000	174	0	0	1	174	1	174	6.01e-87	322
predicted_146	XM_021188624.1	98.507	134	1	1	250	382	163	296	8.05e-61	235
predicted_146	XM_021188623.1	100.000	174	0	0	1	174	1	174	6.01e-87	322
predicted_146	XM_021188623.1	100.000	89	0	0	294	382	173	261	1.07e-39	165
predicted_147	XM_021213437.1	100.000	191	0	0	1	191	1	191	2.13e-96	353
predicted_148	XM_021218572.1	99.659	293	1	0	1	293	1	293	1.97e-151	536
predicted_149	XM_021212244.2	100.000	107	0	0	1	107	1	107	1.06e-49	198
predicted_150	XM_021209390.2	100.000	276	0	0	1	276	1	276	1.19e-143	510
predicted_150	XM_021209391.2	100.000	214	0	0	63	276	1	214	3.49e-109	396
predicted_151	XM_021210573.1	100.000	277	0	0	1	277	1	277	3.32e-144	512
predicted_151	XM_021210572.1	100.000	277	0	0	1	277	1	277	3.32e-144	512
predicted_151	XM_029545259.1	100.000	264	0	0	15	278	1	264	5.60e-137	488
predicted_152	XM_021209106.2	100.000	172	0	0	1	172	1	172	7.77e-86	318
predicted_152	XM_021209105.2	100.000	162	0	0	11	172	1	162	2.82e-80	300
predicted_153	XM_021201118.1	100.000	515	0	0	1	515	1	515	0.0	952
predicted_154	XM_029539621.1	100.000	515	0	0	1	515	1	515	0.0	952
predicted_154	XM_029539620.1	100.000	515	0	0	1	515	1	515	0.0	952
predicted_154	XM_021200969.2	100.000	515	0	0	1	515	1	515	0.0	952
predicted_155	XM_021202158.1	100.000	203	0	0	1	203	1	203	4.55e-103	375
predicted_155	XM_029540511.1	100.000	189	0	0	15	203	1	189	2.76e-95	350
predicted_155	XM_029540510.1	100.000	189	0	0	15	203	1	189	2.76e-95	350
predicted_155	XM_021202157.2	100.000	189	0	0	15	203	1	189	2.76e-95	350
predicted_155	XM_021202156.2	100.000	189	0	0	15	203	1	189	2.76e-95	350
predicted_156	XM_021220425.1	100.000	36	0	0	1	36	1	36	3.11e-10	67.6
predicted_156	XM_029548145.1	100.000	35	0	0	1	35	1	35	1.12e-09	65.8
predicted_156	XM_021220417.1	100.000	35	0	0	1	35	1	35	1.12e-09	65.8
predicted_156	XM_021220409.1	100.000	35	0	0	1	35	1	35	1.12e-09	65.8
predicted_157	XM_029546936.1	100.000	35	0	0	352	386	1	35	1.12e-09	65.8
predicted_158	XM_029538766.1	100.000	88	0	0	1	88	1	88	3.85e-39	163
predicted_158	XM_021198327.2	100.000	88	0	0	1	88	1	88	3.85e-39	163
predicted_158	XM_029538765.1	100.000	74	0	0	95	168	1	74	2.34e-31	137
predicted_159	XM_021192965.1	100.000	185	0	0	1	185	1	185	4.61e-93	342
predicted_159	XM_021192963.2	100.000	184	0	0	2	185	1	184	1.66e-92	340
predicted_160	XM_021220173.1	100.000	515	0	0	1	515	1	515	0.0	952
predicted_160	XM_021220172.2	100.000	494	0	0	22	515	1	494	0.0	913
predicted_161	XM_021200657.1	100.000	275	0	0	1	275	1	275	4.30e-143	508
predicted_162	XM_021216172.1	100.000	79	0	0	1	79	1	79	3.88e-34	147
predicted_163	XM_021208470.1	100.000	214	0	0	1	214	1	214	3.49e-109	396
predicted_163	XM_021208470.1	97.619	42	0	1	308	348	210	251	2.40e-11	71.3
predicted_163	XM_021208472.2	100.000	196	0	0	20	215	1	196	3.54e-99	363
predicted_165	XM_021199419.1	100.000	153	0	0	1	153	1	153	2.84e-75	283
predicted_166	XM_021194809.2	100.000	360	0	0	1	360	1	360	0.0	665
predicted_167	XM_021187198.2	100.000	243	0	0	1	243	1	243	3.42e-124	446
predicted_168	XM_029538806.1	100.000	165	0	0	91	255	1	165	6.05e-82	305
predicted_168	XM_029538805.1	100.000	77	0	0	179	255	39	115	5.02e-33	143
predicted_168	XM_029538805.1	100.000	39	0	0	18	56	1	39	6.68e-12	73.1
predicted_168	XM_021197242.2	100.000	77	0	0	179	255	56	132	5.02e-33	143
predicted_168	XM_021197242.2	100.000	56	0	0	1	56	1	56	2.37e-21	104
predicted_168	XM_029538807.1	100.000	74	0	0	182	255	42	115	2.34e-31	137
predicted_168	XM_029538807.1	100.000	43	0	0	15	57	1	43	3.99e-14	80.5
predicted_168	XM_021197243.2	100.000	74	0	0	182	255	56	129	2.34e-31	137
predicted_168	XM_021197243.2	100.000	57	0	0	1	57	1	57	6.59e-22	106
predicted_169	XM_029546235.1	100.000	62	0	0	1	62	1	62	1.09e-24	115
predicted_170	XM_021190085.2	100.000	208	0	0	1	208	1	208	7.56e-106	385
predicted_170	XM_021190084.2	100.000	203	0	0	7	209	1	203	4.55e-103	375
predicted_170	XM_021190086.2	100.000	64	0	0	145	208	1	64	8.46e-26	119
predicted_171	XM_021212658.2	100.000	515	0	0	1	515	1	515	0.0	952
predicted_172	XM_021191297.1	100.000	158	0	0	1	158	1	158	4.71e-78	292
predicted_172	XM_021191298.1	100.000	71	0	0	88	158	1	71	1.09e-29	132
predicted_173	XM_021197413.1	100.000	515	0	0	1	515	1	515	0.0	952
predicted_173	XM_029538499.1	100.000	96	0	0	134	229	96	1	1.38e-43	178
predicted_173	XR_002380457.1	100.000	43	0	0	473	515	1	43	3.99e-14	80.5
predicted_173	XM_029538498.1	100.000	28	0	0	1	28	28	1	8.70e-06	52.8
predicted_174	XM_021210098.2	100.000	515	0	0	1	515	1	515	0.0	952
predicted_174	XM_021210097.2	100.000	515	0	0	1	515	1	515	0.0	952
predicted_175	XR_003844076.1	100.000	187	0	0	1	187	1	187	3.57e-94	346
predicted_175	XM_021199807.2	100.000	187	0	0	1	187	1	187	3.57e-94	346
predicted_175	XM_029539892.1	100.000	176	0	0	12	187	1	176	4.65e-88	326
predicted_176	XM_029532449.1	100.000	510	0	0	1	510	1	510	0.0	942
predicted_176	XM_021220258.2	100.000	490	0	0	21	510	1	490	0.0	905
predicted_177	XM_021207200.1	100.000	515	0	0	1	515	1	515	0.0	952
predicted_178	XM_021200990.1	100.000	36	0	0	1	36	1	36	3.11e-10	67.6
predicted_179	XM_029535971.1	99.658	292	1	0	1	292	1	292	7.09e-151	534
predicted_179	XM_021193209.2	99.656	291	1	0	2	292	1	291	2.55e-150	532
predicted_180	XM_021215848.2	100.000	259	0	0	1	259	1	259	3.37e-134	479
predicted_181	XM_021201845.1	100.000	246	0	0	1	246	1	246	5.68e-127	455
predicted_181	XM_021201846.2	100.000	238	0	0	9	246	1	238	1.59e-122	440
predicted_181	XM_029541065.1	100.000	157	0	0	90	246	1	157	1.69e-77	291
predicted_181	XM_029541062.1	100.000	157	0	0	90	246	1	157	1.69e-77	291
predicted_181	XM_029541061.1	100.000	157	0	0	90	246	1	157	1.69e-77	291
predicted_182	XM_021205638.1	100.000	354	0	0	1	354	1	354	0.0	654
predicted_183	XM_021210862.2	100.000	300	0	0	1	300	1	300	5.44e-157	555
predicted_184	XM_021207905.2	100.000	189	0	0	1	189	1	189	2.76e-95	350
predicted_184	XM_021207912.2	100.000	187	0	0	1	187	1	187	3.57e-94	346
predicted_185	XM_029531409.1	100.000	182	0	0	334	515	90	271	2.15e-91	337
predicted_185	XM_029531409.1	100.000	91	0	0	1	91	1	91	8.28e-41	169
predicted_186	XM_021192528.2	100.000	243	0	0	1	243	1	243	2.64e-125	449
predicted_188	XM_021187138.2	100.000	318	0	0	1	318	1	318	5.37e-167	588
predicted_189	XM_021197221.2	100.000	59	0	0	1	59	1	59	5.09e-23	110
predicted_190	XM_029540959.1	100.000	233	0	0	1	233	1	233	9.57e-120	431
predicted_191	XM_021190020.2	100.000	160	0	0	1	160	1	160	3.64e-79	296
predicted_191	XM_029534798.1	100.000	120	0	0	41	160	1	120	6.27e-57	222
predicted_192	XM_029546369.1	100.000	280	0	0	1	280	1	280	7.14e-146	518
predicted_192	XM_029546369.1	100.000	54	0	0	431	484	279	332	3.06e-20	100
predicted_192	XM_021213618.2	100.000	280	0	0	1	280	1	280	7.14e-146	518
predicted_192	XM_021213618.2	100.000	53	0	0	431	483	279	331	1.10e-19	99.0
predicted_193	XM_021220403.2	100.000	515	0	0	1	515	1	515	0.0	952
predicted_194	XM_021196300.1	100.000	361	0	0	1	361	1	361	0.0	667
predicted_195	XM_021218874.2	99.711	346	1	0	1	346	1	346	0.0	634
predicted_195	XM_021218872.2	99.711	346	1	0	1	346	1	346	0.0	634
predicted_196	XM_029540644.1	100.000	243	0	0	273	515	1	243	2.64e-125	449
predicted_196	XM_029540642.1	100.000	243	0	0	273	515	1	243	2.64e-125	449
predicted_196	XM_029540641.1	100.000	243	0	0	273	515	1	243	2.64e-125	449
predicted_196	XM_029540640.1	100.000	243	0	0	273	515	1	243	2.64e-125	449
predicted_196	XR_003844220.1	100.000	171	0	0	1	171	1	171	2.80e-85	316
predicted_197	XM_021193827.1	100.000	228	0	0	1	228	1	228	5.76e-117	422
predicted_197	XM_029536663.1	100.000	178	0	0	36	213	1	178	3.59e-89	329
predicted_198	XM_021195055.1	100.000	515	0	0	1	515	1	515	0.0	952
predicted_198	XM_021195058.1	100.000	412	0	0	104	515	1	412	0.0	761
predicted_198	XM_021195054.2	100.000	322	0	0	194	515	1	322	3.21e-169	595
predicted_198	XM_029535884.1	100.000	321	0	0	195	515	1	321	1.15e-168	593
predicted_199	XM_021192056.1	100.000	46	0	0	1	46	1	46	8.58e-16	86.1
predicted_200	XM_021212479.1	100.000	203	0	0	313	515	188	390	4.55e-103	375
predicted_200	XM_021212479.1	100.000	190	0	0	1	190	1	190	7.66e-96	351
predicted_200	XM_021212478.1	100.000	203	0	0	313	515	188	390	4.55e-103	375
predicted_200	XM_021212478.1	100.000	190	0	0	1	190	1	190	7.66e-96	351
predicted_200	XM_029546452.1	100.000	130	0	0	386	515	121	250	1.73e-62	241
predicted_200	XM_029546452.1	100.000	121	0	0	68	188	1	121	1.74e-57	224
predicted_201	XM_021212100.2	100.000	121	0	0	1	121	1	121	1.74e-57	224
predicted_202	XM_029540784.1	100.000	443	0	0	1	443	1	443	0.0	819
predicted_202	XM_029540783.1	100.000	443	0	0	1	443	1	443	0.0	819
predicted_202	XM_029540782.1	100.000	443	0	0	1	443	1	443	0.0	819
predicted_202	XM_029540781.1	100.000	443	0	0	1	443	1	443	0.0	819
predicted_203	XM_021213746.1	100.000	242	0	0	1	242	1	242	9.50e-125	448
predicted_204	XM_021205859.2	99.708	343	0	1	1	343	1	342	1.14e-178	627
predicted_204	XM_021205858.1	99.708	343	0	1	1	343	1	342	1.14e-178	627
predicted_204	XR_003844510.1	99.694	327	0	1	17	343	1	326	8.92e-170	597
predicted_205	XM_021210093.1	100.000	196	0	0	1	196	1	196	3.54e-99	363
predicted_206	XM_029538912.1	100.000	100	0	0	223	322	1	100	8.23e-46	185
predicted_206	XM_021197383.2	100.000	80	0	0	1	80	1	80	1.08e-34	148
predicted_207	XM_021203952.1	100.000	189	0	0	1	189	1	189	2.76e-95	350
predicted_208	XM_021211684.2	100.000	249	0	0	265	513	183	431	1.22e-128	460
predicted_208	XM_021211684.2	100.000	184	0	0	3	186	1	184	1.66e-92	340
predicted_208	XM_021211683.2	100.000	249	0	0	265	513	185	433	1.22e-128	460
predicted_208	XM_021211683.2	100.000	186	0	0	1	186	1	186	1.28e-93	344
predicted_208	XR_002380767.1	92.578	256	11	5	265	514	141	394	1.27e-98	361
predicted_208	XR_002380767.1	98.182	110	1	1	77	186	34	142	1.77e-47	191
predicted_209	XM_021209869.1	100.000	80	0	0	1	80	1	80	1.08e-34	148
predicted_209	XM_029544578.1	100.000	70	0	0	11	80	1	70	3.91e-29	130
predicted_209	XM_029544577.1	100.000	69	0	0	12	80	1	69	1.41e-28	128
predicted_210	XM_021208856.1	100.000	168	0	0	1	168	1	168	1.30e-83	311
predicted_211	XM_021219251.1	100.000	89	0	0	1	89	1	89	1.07e-39	165
predicted_211	XM_021219261.1	100.000	73	0	0	17	89	1	73	8.40e-31	135
predicted_212	XM_021202014.2	100.000	515	0	0	1	515	1	515	0.0	952
predicted_212	XM_021202013.2	100.000	515	0	0	1	515	1	515	0.0	952
predicted_213	XM_021217628.2	100.000	108	0	0	1	108	1	108	2.94e-50	200
predicted_214	XM_021187883.2	100.000	291	0	0	111	401	1	291	5.48e-152	538
predicted_214	XM_021187881.1	100.000	46	0	0	1	46	1	46	8.58e-16	86.1
predicted_215	XM_029547722.1	100.000	110	0	0	1	110	1	110	2.27e-51	204
predicted_215	XM_029547721.1	100.000	110	0	0	1	110	1	110	2.27e-51	204
predicted_215	XM_029547720.1	100.000	110	0	0	1	110	1	110	2.27e-51	204
predicted_215	XM_029547719.1	100.000	110	0	0	1	110	1	110	2.27e-51	204
predicted_215	XM_029547718.1	100.000	110	0	0	1	110	1	110	2.27e-51	204
predicted_216	XM_021204658.2	100.000	104	0	0	1	104	1	104	4.92e-48	193
predicted_217	XM_029547007.1	100.000	62	0	0	1	62	1	62	1.09e-24	115
predicted_218	XM_021187970.1	100.000	187	0	0	1	187	1	187	3.57e-94	346
predicted_218	XM_021187972.2	100.000	104	0	0	84	187	1	104	4.92e-48	193
predicted_219	XM_021203773.2	100.000	515	0	0	1	515	1	515	0.0	952
predicted_219	XM_021203772.2	100.000	515	0	0	1	515	1	515	0.0	952
predicted_220	XM_021201601.2	100.000	352	0	0	1	352	1	352	0.0	651
predicted_220	XM_021201600.2	100.000	352	0	0	1	352	1	352	0.0	651
predicted_220	XM_029540956.1	100.000	336	0	0	17	352	1	336	5.29e-177	621
predicted_221	XM_021202649.2	100.000	515	0	0	1	515	1	515	0.0	952
predicted_221	XM_021202642.2	100.000	512	0	0	4	515	1	512	0.0	946
predicted_222	XM_021197316.1	100.000	120	0	0	1	120	1	120	6.27e-57	222
predicted_222	XM_021197315.1	100.000	120	0	0	1	120	1	120	6.27e-57	222
predicted_223	XM_021206080.2	98.969	194	1	1	1	193	1	194	3.57e-94	346
predicted_224	XM_029544442.1	100.000	190	0	0	1	190	1	190	7.66e-96	351
predicted_224	XM_021221661.2	100.000	180	0	0	1	180	1	180	2.78e-90	333
predicted_225	XM_021212222.1	100.000	165	0	0	1	165	1	165	6.05e-82	305
predicted_226	XM_021204506.2	100.000	515	0	0	1	515	1	515	0.0	952
predicted_226	XM_029542459.1	100.000	242	0	0	1	242	1	242	9.50e-125	448
predicted_226	XM_029542458.1	100.000	242	0	0	1	242	1	242	9.50e-125	448
predicted_227	XM_021187694.2	100.000	414	0	0	1	414	1	414	0.0	765
predicted_227	XM_021187692.2	100.000	414	0	0	1	414	1	414	0.0	765
predicted_228	XM_021218477.1	100.000	515	0	0	1	515	1	515	0.0	952
predicted_229	XM_021195245.2	100.000	326	0	0	1	326	1	326	1.92e-171	603
predicted_230	XM_021221687.2	100.000	246	0	0	1	246	1	246	5.68e-127	455
predicted_231	XM_021200616.1	100.000	203	0	0	1	203	1	203	4.55e-103	375
predicted_232	XM_029546428.1	100.000	31	0	0	1	31	1	31	1.87e-07	58.4
predicted_233	XM_021219380.2	100.000	56	0	0	1	56	1	56	2.37e-21	104
predicted_234	XM_029541005.1	100.000	88	0	0	1	88	1	88	3.85e-39	163
predicted_234	XM_021202171.1	100.000	88	0	0	1	88	1	88	3.85e-39	163
predicted_234	XM_021202170.1	100.000	88	0	0	1	88	1	88	3.85e-39	163
predicted_234	XM_029541004.1	100.000	31	0	0	58	88	1	31	1.87e-07	58.4
predicted_235	XM_021198137.1	100.000	78	0	0	1	78	1	78	1.40e-33	145
predicted_236	XM_021208253.2	100.000	371	0	0	91	461	1	371	0.0	686
predicted_236	XM_029543999.1	100.000	147	0	0	315	461	28	174	6.14e-72	272
predicted_236	XM_029543999.1	100.000	29	0	0	1	29	1	29	2.42e-06	54.7
predicted_237	XM_029546847.1	100.000	241	0	0	1	241	1	241	3.42e-124	446
predicted_237	XM_029546844.1	100.000	241	0	0	1	241	1	241	3.42e-124	446
predicted_237	XM_021215170.2	99.422	173	0	1	73	244	1	173	3.62e-84	313
predicted_237	XM_021215163.2	99.422	173	0	1	73	244	1	173	3.62e-84	313
predicted_237	XM_021215154.2	99.422	173	0	1	73	244	1	173	3.62e-84	313
predicted_237	XM_021215167.2	99.419	172	0	1	74	244	1	172	1.30e-83	311
predicted_237	XM_021215162.2	99.415	171	0	1	75	244	1	171	4.68e-83	309
predicted_237	XM_021215157.2	99.415	171	0	1	75	244	1	171	4.68e-83	309
predicted_237	XM_021215155.2	99.415	171	0	1	75	244	1	171	4.68e-83	309
predicted_237	XM_021215168.2	99.412	170	0	1	76	244	1	170	1.68e-82	307
predicted_237	XM_021215166.2	99.412	170	0	1	76	244	1	170	1.68e-82	307
predicted_237	XM_021215161.2	99.412	170	0	1	76	244	1	170	1.68e-82	307
predicted_237	XM_029546855.1	100.000	140	0	0	376	515	1	140	4.78e-68	259
predicted_237	XM_029546845.1	100.000	140	0	0	376	515	1	140	4.78e-68	259
predicted_237	XM_029546843.1	100.000	140	0	0	376	515	1	140	4.78e-68	259
predicted_238	XM_021188149.2	100.000	515	0	0	1	515	1	515	0.0	952
predicted_239	XM_021193396.2	100.000	199	0	0	1	199	1	199	7.61e-101	368
predicted_240	XM_021193476.1	100.000	172	0	0	1	172	1	172	7.77e-86	318
predicted_240	XM_029536946.1	99.371	159	1	0	18	176	1	159	6.09e-77	289
predicted_241	XM_021220323.2	100.000	295	0	0	174	468	1	295	3.28e-154	545
predicted_241	XM_021220322.2	100.000	167	0	0	1	167	1	167	4.68e-83	309
predicted_242	XM_021207472.1	100.000	53	0	0	1	53	1	53	1.10e-19	99.0
predicted_242	XM_021207470.1	100.000	53	0	0	1	53	1	53	1.10e-19	99.0
predicted_242	XM_021207469.1	100.000	53	0	0	1	53	1	53	1.10e-19	99.0
predicted_243	XM_021214858.2	100.000	224	0	0	1	224	1	224	9.64e-115	414
predicted_244	XM_021187532.2	98.917	277	2	1	1	276	1	277	1.20e-138	494
predicted_245	XM_021193565.1	100.000	167	0	0	1	167	1	167	4.68e-83	309
predicted_246	XM_029535284.1	100.000	417	0	0	99	515	312	728	0.0	771
predicted_246	XM_029535284.1	100.000	34	0	0	1	34	278	311	4.02e-09	63.9
predicted_246	XM_021189133.2	100.000	218	0	0	298	515	1	218	2.09e-111	403
predicted_246	XM_021189138.1	100.000	161	0	0	1	161	1	161	1.01e-79	298
predicted_247	XM_021197906.2	100.000	248	0	0	1	248	248	1	4.39e-128	459
predicted_247	XM_021197907.2	100.000	189	0	0	1	189	1	189	2.76e-95	350
predicted_248	XM_021198541.1	100.000	177	0	0	1	177	1	177	1.29e-88	327
predicted_249	XM_021219675.2	100.000	217	0	0	1	217	1	217	7.50e-111	401
predicted_250	XM_021208701.1	100.000	308	0	0	1	308	1	308	1.94e-161	569
predicted_250	XM_029544094.1	100.000	213	0	0	96	308	1	213	1.26e-108	394
predicted_250	XM_029544093.1	100.000	213	0	0	96	308	1	213	1.26e-108	394
predicted_251	XM_029539194.1	100.000	413	0	0	93	505	1	413	0.0	763
predicted_251	XM_029539192.1	100.000	412	0	0	93	504	1	412	0.0	761
predicted_251	XM_021197842.2	100.000	378	0	0	2	379	1	378	0.0	699
predicted_251	XM_029539196.1	98.810	84	0	1	1	84	1	83	1.08e-34	148
predicted_251	XM_029539191.1	98.810	84	0	1	1	84	1	83	1.08e-34	148
predicted_251	XM_021197841.2	100.000	78	0	0	2	79	1	78	1.40e-33	145
predicted_251	XM_029539193.1	100.000	60	0	0	20	79	1	60	1.42e-23	111
predicted_253	XM_021198278.1	100.000	315	0	0	1	315	1	315	2.50e-165	582
predicted_254	XM_021220585.1	100.000	107	0	0	1	107	1	107	1.06e-49	198
predicted_255	XM_029544631.1	100.000	176	0	0	1	176	1	176	4.65e-88	326
predicted_255	XM_029544631.1	98.876	178	1	1	254	430	168	345	2.80e-85	316
predicted_255	XM_021209670.2	100.000	176	0	0	1	176	1	176	4.65e-88	326
predicted_255	XM_021209670.2	98.876	178	1	1	254	430	168	345	2.80e-85	316
predicted_256	XM_021218046.1	100.000	172	0	0	1	172	1	172	7.77e-86	318
predicted_257	XM_021200171.1	100.000	91	0	0	1	91	1	91	8.28e-41	169
predicted_258	XM_021188672.1	100.000	515	0	0	1	515	1	515	0.0	952
predicted_258	XM_021197185.1	96.296	432	16	0	84	515	1	432	0.0	710
predicted_259	XM_029538025.1	99.038	208	2	0	172	379	42	249	1.64e-102	374
predicted_259	XM_029538025.1	100.000	49	0	0	1	49	1	49	1.84e-17	91.6
predicted_260	XM_021215761.2	100.000	222	0	0	1	222	1	222	1.25e-113	411
predicted_260	XM_021215760.2	100.000	222	0	0	1	222	1	222	1.25e-113	411
predicted_261	XM_021219893.1	100.000	515	0	0	1	515	1	515	0.0	952
predicted_262	XM_021208378.2	100.000	88	0	0	1	88	1	88	3.85e-39	163
predicted_263	XM_021194894.2	100.000	52	0	0	1	52	1	52	3.96e-19	97.1
predicted_264	XM_029547965.1	100.000	298	0	0	1	298	1	298	7.04e-156	551
predicted_264	XM_021216499.2	100.000	298	0	0	1	298	1	298	7.04e-156	551
predicted_264	XM_021216498.2	100.000	298	0	0	1	298	1	298	7.04e-156	551
predicted_264	XM_021216496.1	100.000	298	0	0	1	298	1	298	7.04e-156	551
predicted_265	XM_021203976.2	100.000	173	0	0	1	173	1	173	2.16e-86	320
predicted_265	XM_029541812.1	100.000	172	0	0	1	172	49	220	7.77e-86	318
predicted_265	XM_029541813.1	100.000	128	0	0	303	430	1	128	2.24e-61	237
predicted_265	XM_029541859.1	100.000	116	0	0	316	431	1	116	1.05e-54	215
predicted_265	XM_029541814.1	100.000	72	0	0	306	377	1	72	3.02e-30	134
predicted_266	XM_029533893.1	100.000	44	0	0	1	44	1	44	1.11e-14	82.4
predicted_266	XM_021186613.1	100.000	40	0	0	4	43	1	40	1.86e-12	75.0
predicted_267	XM_029538042.1	100.000	178	0	0	1	178	1	178	3.59e-89	329
predicted_267	XM_021202837.2	100.000	178	0	0	1	178	1	178	3.59e-89	329
predicted_268	XM_021191230.2	100.000	291	0	0	1	291	1	291	5.48e-152	538
predicted_268	XM_021191226.2	100.000	291	0	0	1	291	1	291	5.48e-152	538
predicted_269	XM_021212862.2	99.593	246	1	0	1	246	1	246	2.64e-125	449
predicted_270	XM_021218745.1	100.000	125	0	0	1	125	1	125	1.04e-59	231
predicted_270	XM_021218744.1	100.000	125	0	0	1	125	1	125	1.04e-59	231
predicted_271	XM_021220103.2	100.000	485	0	0	1	485	1	485	0.0	896
predicted_271	XM_021220102.1	100.000	485	0	0	1	485	1	485	0.0	896
predicted_272	XM_029534544.1	100.000	145	0	0	1	145	1	145	7.94e-71	268
predicted_273	XM_021220021.1	100.000	369	0	0	1	369	1	369	0.0	682
predicted_274	XM_021195692.2	100.000	198	0	0	1	198	1	198	2.74e-100	366
predicted_275	XM_029541947.1	100.000	91	0	0	1	91	1	91	8.28e-41	169
predicted_276	XM_021221039.1	100.000	170	0	0	7	176	1	170	1.01e-84	315
predicted_276	XM_021221034.1	100.000	170	0	0	7	176	1	170	1.01e-84	315
predicted_276	XM_021221042.1	100.000	138	0	0	1	138	1	138	6.18e-67	255
predicted_276	XM_021221041.1	100.000	138	0	0	1	138	1	138	6.18e-67	255
predicted_276	XM_021221036.1	100.000	138	0	0	1	138	1	138	6.18e-67	255
predicted_276	XM_021221035.1	100.000	138	0	0	1	138	1	138	6.18e-67	255
predicted_277	XM_021218557.2	100.000	373	0	0	1	373	1	373	0.0	689
predicted_278	XM_021215793.1	100.000	63	0	0	1	63	1	63	3.04e-25	117
predicted_278	XM_021215792.1	100.000	63	0	0	1	63	1	63	3.04e-25	117
predicted_279	XM_021214470.2	100.000	424	0	0	1	424	1	424	0.0	784
predicted_280	XM_029535691.1	100.000	204	0	0	1	204	1	204	1.26e-103	377
predicted_280	XM_021191346.2	100.000	204	0	0	1	204	1	204	1.26e-103	377
predicted_281	XM_021201926.1	100.000	333	0	0	183	515	381	49	2.46e-175	616
predicted_281	XM_021201947.1	100.000	266	0	0	1	266	1	266	4.33e-138	492
predicted_282	XM_029531742.1	100.000	358	0	0	1	358	410	53	0.0	662
predicted_282	XM_029531739.1	100.000	358	0	0	1	358	410	53	0.0	662
predicted_282	XM_021219578.1	100.000	186	0	0	1	186	1	186	1.28e-93	344
predicted_282	XM_021219578.1	100.000	105	0	0	281	385	185	289	1.37e-48	195
predicted_283	XM_021213631.2	100.000	106	0	0	1	106	1	106	3.80e-49	196
predicted_284	XM_021188740.1	100.000	104	0	0	359	462	40	143	4.92e-48	193
predicted_284	XM_021188740.1	100.000	40	0	0	1	40	1	40	1.86e-12	75.0
predicted_285	XM_021205005.1	100.000	199	0	0	1	199	1	199	7.61e-101	368
predicted_285	XM_021205005.1	100.000	116	0	0	296	411	200	315	1.05e-54	215
predicted_286	XM_021216305.1	100.000	515	0	0	1	515	1	515	0.0	952
predicted_287	XM_021195761.2	100.000	194	0	0	1	194	1	194	4.58e-98	359
predicted_288	XM_021198436.1	100.000	515	0	0	1	515	1	515	0.0	952
predicted_288	XM_021198435.2	100.000	515	0	0	1	515	1	515	0.0	952
predicted_288	XM_029538402.1	100.000	492	0	0	24	515	1	492	0.0	909
predicted_288	XM_021198433.2	100.000	492	0	0	24	515	1	492	0.0	909
predicted_288	XM_021198432.2	100.000	492	0	0	24	515	1	492	0.0	909
predicted_288	XM_021198431.2	100.000	492	0	0	24	515	1	492	0.0	909
predicted_288	XM_021198430.2	100.000	492	0	0	24	515	1	492	0.0	909
predicted_289	XM_021215460.2	100.000	143	0	0	1	143	1	143	1.03e-69	265
predicted_290	XM_021196190.2	100.000	136	0	0	1	136	1	136	8.00e-66	252
predicted_290	XM_021196190.2	100.000	61	0	0	254	314	134	194	3.94e-24	113
predicted_291	XM_021215845.2	100.000	231	0	0	1	231	1	231	1.24e-118	427
predicted_292	XM_021200904.2	100.000	92	0	0	1	92	1	92	2.30e-41	171
predicted_293	XM_021216941.1	100.000	469	0	0	1	469	1	469	0.0	867
predicted_294	XM_021193630.2	100.000	209	0	0	1	209	1	209	2.10e-106	387
predicted_295	XM_021208104.2	100.000	133	0	0	1	133	1	133	3.72e-64	246
predicted_296	XM_021214605.2	99.398	166	0	1	1	166	1	165	2.82e-80	300
predicted_297	XM_021196222.2	100.000	182	0	0	1	182	1	182	2.15e-91	337
predicted_298	XM_021195620.1	100.000	515	0	0	1	515	1	515	0.0	952
predicted_298	XM_029537514.1	100.000	442	0	0	74	515	1	442	0.0	817
predicted_299	XM_021200094.1	100.000	283	0	0	1	283	1	283	1.53e-147	523
predicted_299	XM_021200093.1	100.000	283	0	0	1	283	1	283	1.53e-147	523
predicted_299	XM_021200091.2	100.000	61	0	0	223	283	1	61	3.94e-24	113
predicted_300	XM_021192336.2	100.000	377	0	0	1	377	1	377	0.0	697
predicted_300	XM_021192345.2	100.000	76	0	0	302	377	1	76	1.81e-32	141
predicted_301	XM_029532902.1	100.000	151	0	0	1	151	1	151	3.67e-74	279
predicted_302	XM_021194826.1	100.000	345	0	0	1	345	1	345	0.0	638
predicted_302	XM_021194825.1	100.000	345	0	0	1	345	1	345	0.0	638
predicted_302	XM_021194824.1	100.000	345	0	0	1	345	1	345	0.0	638
predicted_302	XM_021194823.1	100.000	345	0	0	1	345	1	345	0.0	638
predicted_302	XM_029535922.1	100.000	258	0	0	88	345	1	258	1.21e-133	477
predicted_302	XM_029535921.1	100.000	258	0	0	88	345	1	258	1.21e-133	477
predicted_302	XM_029535920.1	100.000	258	0	0	88	345	1	258	1.21e-133	477
predicted_303	XM_029546099.1	100.000	302	0	0	1	302	1	302	4.21e-158	558
predicted_303	XM_029546098.1	100.000	302	0	0	1	302	1	302	4.21e-158	558
predicted_303	XM_021214011.2	100.000	302	0	0	1	302	1	302	4.21e-158	558
predicted_304	XM_021191413.2	100.000	184	0	0	1	184	1	184	1.66e-92	340
predicted_305	XM_021219185.2	96.774	155	3	2	1	154	1	154	1.72e-67	257
predicted_306	XM_021220086.1	100.000	212	0	0	1	212	1	212	4.52e-108	392
predicted_306	XM_029532427.1	100.000	202	0	0	11	212	1	202	1.64e-102	374
predicted_307	XM_021205660.1	99.653	288	0	1	1	288	1	287	4.27e-148	525
predicted_307	XM_029546093.1	90.667	150	13	1	367	515	4129	4278	2.27e-51	204
predicted_307	XM_029546092.1	90.667	150	13	1	367	515	4131	4280	2.27e-51	204
predicted_307	XM_029546091.1	90.667	150	13	1	367	515	4741	4890	2.27e-51	204
predicted_307	XM_029546090.1	90.667	150	13	1	367	515	4401	4550	2.27e-51	204
predicted_307	XM_029546089.1	90.667	150	13	1	367	515	4706	4855	2.27e-51	204
predicted_307	XM_021212133.2	90.667	150	13	1	367	515	4269	4418	2.27e-51	204
predicted_307	XM_021219199.1	90.789	152	11	2	367	515	162	313	2.94e-50	200
predicted_307	XR_003842541.1	90.667	150	11	2	369	515	1530	1381	3.80e-49	196
predicted_307	XM_029535813.1	91.971	137	9	2	379	515	6246	6112	1.77e-47	191
predicted_307	XM_021212338.2	93.443	122	8	0	394	515	3651	3772	1.06e-44	182
predicted_307	XM_029535797.1	95.536	112	5	0	387	498	1749	1860	3.83e-44	180
predicted_307	XM_021194070.1	89.655	145	10	5	372	515	2241	2381	3.83e-44	180
predicted_307	XR_002381006.1	92.000	125	9	1	384	507	949	825	1.78e-42	174
predicted_307	XM_021186804.1	93.162	117	8	0	394	510	1972	1856	6.40e-42	172
predicted_307	XM_029543647.1	91.803	122	9	1	377	498	1060	940	8.28e-41	169
predicted_307	XM_021207688.1	91.803	122	9	1	377	498	1039	919	8.28e-41	169
predicted_307	XM_021201134.1	95.192	104	5	0	412	515	2	105	1.07e-39	165
predicted_307	XM_029535280.1	92.727	110	8	0	387	496	4065	4174	4.99e-38	159
predicted_307	XR_003845140.1	88.281	128	15	0	388	515	2846	2719	2.32e-36	154
predicted_307	XM_021222079.2	87.786	131	13	2	379	509	1919	1792	8.34e-36	152
predicted_307	XM_021222078.2	87.786	131	13	2	379	509	2063	1936	8.34e-36	152
predicted_307	XM_021188035.2	87.500	136	11	5	372	504	4580	4448	8.34e-36	152
predicted_307	XM_021205603.2	93.478	92	6	0	394	485	2	93	2.34e-31	137
predicted_307	XM_029543492.1	93.182	88	6	0	428	515	1576	1489	3.91e-29	130
predicted_307	XM_029536748.1	89.899	99	10	0	417	515	5665	5567	1.41e-28	128
predicted_307	XM_029536746.1	89.899	99	10	0	417	515	5329	5231	1.41e-28	128
predicted_307	XM_029536745.1	89.899	99	10	0	417	515	5479	5381	1.41e-28	128
predicted_307	XM_029536744.1	89.899	99	10	0	417	515	5572	5474	1.41e-28	128
predicted_307	XM_029536157.1	82.781	151	19	4	372	515	5579	5429	1.41e-28	128
predicted_307	XM_021194801.2	97.260	73	2	0	416	488	2525	2453	1.82e-27	124
predicted_307	XM_029532094.1	90.909	88	8	0	395	482	2653	2740	8.46e-26	119
predicted_307	XM_029533924.1	91.765	85	6	1	431	515	2325	2408	3.04e-25	117
predicted_307	XM_029533923.1	91.765	85	6	1	431	515	2372	2455	3.04e-25	117
predicted_307	XM_021186816.2	91.765	85	6	1	431	515	2369	2452	3.04e-25	117
predicted_307	XM_029535030.1	95.775	71	3	0	431	501	2240	2170	1.09e-24	115
predicted_307	XM_021190709.2	95.775	71	3	0	431	501	2480	2410	1.09e-24	115
predicted_307	XM_029535132.1	89.011	91	9	1	365	454	1812	1902	1.42e-23	111
predicted_307	XM_021190937.2	89.011	91	9	1	365	454	1833	1923	1.42e-23	111
predicted_307	XM_021198262.1	87.500	96	8	2	405	498	2339	2432	1.83e-22	108
predicted_307	XM_021210284.2	95.312	64	3	0	432	495	5163	5100	8.52e-21	102
predicted_307	XM_029531103.1	88.095	84	9	1	387	469	1815	1898	1.10e-19	99.0
predicted_307	XM_021216791.2	88.095	84	9	1	387	469	1804	1887	1.10e-19	99.0
predicted_307	XR_003843909.1	92.537	67	5	0	394	460	3251	3185	3.96e-19	97.1
predicted_307	XM_021213819.2	92.647	68	4	1	378	445	1344	1410	3.96e-19	97.1
predicted_307	XM_021198695.2	92.537	67	5	0	394	460	3318	3252	3.96e-19	97.1
predicted_307	XM_029533857.1	91.429	70	5	1	381	450	2080	2012	1.43e-18	95.3
predicted_307	XM_029533084.1	82.883	111	12	4	396	506	3036	3139	5.13e-18	93.5
predicted_307	XM_021221358.2	82.883	111	12	4	396	506	3193	3296	5.13e-18	93.5
predicted_307	XM_021198107.2	96.364	55	2	0	461	515	4672	4618	1.84e-17	91.6
predicted_307	XM_029538312.1	98.039	51	1	0	444	494	2271	2221	6.63e-17	89.8
predicted_307	XM_029538306.1	98.039	51	1	0	444	494	2552	2502	6.63e-17	89.8
predicted_307	XM_021197861.2	98.039	51	1	0	444	494	2514	2464	6.63e-17	89.8
predicted_307	XM_029533658.1	90.769	65	6	0	446	510	1935	1871	2.39e-16	87.9
predicted_307	XM_029546199.1	96.154	52	2	0	464	515	2868	2817	8.58e-16	86.1
predicted_307	XM_029546198.1	96.154	52	2	0	464	515	2871	2820	8.58e-16	86.1
predicted_307	XM_029546197.1	96.154	52	2	0	464	515	2874	2823	8.58e-16	86.1
predicted_307	XM_029537944.1	96.154	52	2	0	459	510	3424	3373	8.58e-16	86.1
predicted_307	XM_021213029.2	96.154	52	2	0	464	515	2867	2816	8.58e-16	86.1
predicted_307	XR_003844808.1	91.667	60	5	0	439	498	2360	2301	3.09e-15	84.2
predicted_307	XM_029544111.1	91.667	60	5	0	439	498	2289	2230	3.09e-15	84.2
predicted_307	XM_029544110.1	91.667	60	5	0	439	498	2382	2323	3.09e-15	84.2
predicted_307	XM_021208421.2	91.667	60	5	0	439	498	2247	2188	3.09e-15	84.2
predicted_307	XM_029545277.1	92.857	56	4	0	460	515	5976	5921	1.11e-14	82.4
predicted_307	XM_029545276.1	92.857	56	4	0	460	515	5921	5866	1.11e-14	82.4
predicted_307	XM_021212549.2	90.323	62	6	0	452	513	1654	1715	1.11e-14	82.4
predicted_307	XM_021211156.2	92.857	56	4	0	460	515	6045	5990	1.11e-14	82.4
predicted_307	XM_029548014.1	92.727	55	4	0	461	515	4419	4365	3.99e-14	80.5
predicted_307	XM_029548013.1	92.727	55	4	0	461	515	4100	4046	3.99e-14	80.5
predicted_307	XM_029544185.1	80.870	115	11	6	385	498	3379	3483	3.99e-14	80.5
predicted_307	XM_029540784.1	92.727	55	4	0	461	515	6183	6129	3.99e-14	80.5
predicted_307	XM_029540783.1	92.727	55	4	0	461	515	6267	6213	3.99e-14	80.5
predicted_307	XM_029540782.1	92.727	55	4	0	461	515	6315	6261	3.99e-14	80.5
predicted_307	XM_029540781.1	92.727	55	4	0	461	515	6318	6264	3.99e-14	80.5
predicted_307	XM_021201237.2	92.727	55	4	0	461	515	1405	1351	3.99e-14	80.5
predicted_307	XM_029532696.1	92.593	54	4	0	460	513	1305	1252	1.44e-13	78.7
predicted_307	XM_021219728.2	97.778	45	1	0	387	431	714	758	1.44e-13	78.7
predicted_307	XM_029537781.1	94.000	50	3	0	461	510	4184	4135	5.17e-13	76.8
predicted_307	XM_029537779.1	94.000	50	3	0	461	510	5072	5023	5.17e-13	76.8
predicted_307	XM_021196362.2	94.000	50	3	0	461	510	5071	5022	5.17e-13	76.8
predicted_307	XR_003843294.1	90.741	54	5	0	461	514	833	780	6.68e-12	73.1
predicted_307	XM_021220403.2	95.556	45	2	0	448	492	2031	1987	6.68e-12	73.1
predicted_307	XM_021212698.2	89.286	56	6	0	455	510	2735	2680	2.40e-11	71.3
predicted_307	XR_003845163.1	87.755	49	6	0	467	515	2473	2425	1.87e-07	58.4
predicted_307	XM_021219987.2	90.909	44	3	1	464	507	1290	1248	1.87e-07	58.4
predicted_308	XM_029531406.1	100.000	82	0	0	1	82	1	82	8.34e-36	152
predicted_308	XM_029531405.1	100.000	82	0	0	1	82	1	82	8.34e-36	152
predicted_308	XM_021218251.2	100.000	82	0	0	1	82	1	82	8.34e-36	152
predicted_309	XR_003844247.1	100.000	328	0	0	1	328	1	328	1.48e-172	606
predicted_309	XM_021201572.2	100.000	328	0	0	1	328	1	328	1.48e-172	606
predicted_309	XM_029540930.1	100.000	200	0	0	1	200	1	200	2.12e-101	370
predicted_310	XM_021197329.2	100.000	144	0	0	1	144	1	144	2.86e-70	267
predicted_311	XM_021220052.1	100.000	394	0	0	1	394	394	1	0.0	728
predicted_311	XM_021220055.1	100.000	100	0	0	1	100	1	100	8.23e-46	185
predicted_311	XM_021220053.1	100.000	94	0	0	7	100	1	94	1.78e-42	174
predicted_311	XM_029532648.1	100.000	77	0	0	24	100	1	77	5.02e-33	143
predicted_311	XM_029532647.1	100.000	77	0	0	24	100	1	77	5.02e-33	143
predicted_312	XM_021211503.2	100.000	156	0	0	1	156	1	156	6.09e-77	289
predicted_312	XM_021211503.2	100.000	87	0	0	429	515	154	240	1.39e-38	161
predicted_313	XM_029540895.1	100.000	173	0	0	1	173	1	173	2.16e-86	320
predicted_313	XM_021202250.2	100.000	173	0	0	1	173	1	173	2.16e-86	320
predicted_313	XR_002380362.2	100.000	36	0	0	135	170	198	233	3.11e-10	67.6
predicted_314	XM_021188154.2	100.000	197	0	0	1	197	1	197	9.84e-100	364
predicted_314	XM_021188152.2	100.000	44	0	0	472	515	1	44	1.11e-14	82.4
predicted_315	XM_029535194.1	99.663	297	0	1	1	296	1	297	4.24e-153	542
predicted_315	XM_029535192.1	100.000	293	0	0	1	293	1	293	4.24e-153	542
predicted_315	XM_021190189.2	99.663	297	0	1	1	296	1	297	4.24e-153	542
predicted_315	XM_029535193.1	100.000	292	0	0	1	292	1	292	1.52e-152	540
