source_0	XM_021206442.2	97.027	370	7	3	121	487	1	369	1.91e-176	619
source_0	XM_021206440.2	97.027	370	7	3	121	487	1	369	1.91e-176	619
source_0	XM_029542867.1	97.749	311	6	1	177	487	1	310	7.10e-151	534
source_1	XM_029539837.1	97.287	516	8	1	1	516	347	856	0.0	870
source_1	XM_029539830.1	97.287	516	8	1	1	516	347	856	0.0	870
source_1	XM_029539823.1	97.287	516	8	1	1	516	347	856	0.0	870
source_1	XM_029539816.1	97.287	516	8	1	1	516	347	856	0.0	870
source_1	XM_029539814.1	97.287	516	8	1	1	516	347	856	0.0	870
source_1	XM_029539806.1	97.287	516	8	1	1	516	347	856	0.0	870
source_1	XM_021204572.2	97.287	516	8	1	1	516	347	856	0.0	870
source_1	XM_021204565.2	97.287	516	8	1	1	516	347	856	0.0	870
source_1	XM_029540493.1	84.232	241	30	8	280	516	1170	1406	1.35e-58	228
source_1	XM_021195789.1	84.232	241	30	8	280	516	1239	1475	1.35e-58	228
source_2	XM_021210762.1	100.000	86	0	0	1	86	64	149	5.00e-38	159
source_2	XM_029545207.1	100.000	85	0	0	1	85	3	87	1.80e-37	158
source_3	XM_029543502.1	91.803	61	3	2	91	149	5	65	3.09e-15	84.2
source_4	XM_021212036.2	97.110	173	4	1	5	176	1	173	1.70e-77	291
source_4	XM_029545907.1	96.045	177	6	1	340	515	1	177	2.20e-76	287
source_4	XM_029545906.1	96.045	177	6	1	340	515	1	177	2.20e-76	287
source_4	XM_029545912.1	99.138	116	0	1	1	115	117	2	1.76e-52	207
source_4	XM_029545911.1	99.138	116	0	1	1	115	117	2	1.76e-52	207
source_4	XM_021212043.2	99.138	116	0	1	1	115	117	2	1.76e-52	207
source_4	XM_021212042.2	99.138	116	0	1	1	115	117	2	1.76e-52	207
source_4	XM_029545910.1	100.000	52	0	0	1	52	52	1	3.97e-19	97.1
source_5	XM_021205025.1	96.234	239	9	0	277	515	1	239	4.52e-108	392
source_6	XM_029531725.1	98.214	168	0	1	352	516	71	238	1.70e-77	291
source_6	XM_029531725.1	87.654	81	1	1	8	88	3	74	8.60e-16	86.1
source_6	XM_021219525.2	98.214	168	0	1	352	516	412	579	1.70e-77	291
source_6	XM_021219525.2	87.654	81	1	1	8	88	344	415	8.60e-16	86.1
source_6	XM_021219523.2	98.214	168	0	1	352	516	71	238	1.70e-77	291
source_6	XM_021219523.2	87.654	81	1	1	8	88	3	74	8.60e-16	86.1
source_7	XM_021215517.2	94.757	515	27	0	2	516	1	515	0.0	802
source_8	XM_021218751.2	94.585	277	8	4	9	279	1	276	5.77e-117	422
source_8	XM_021218750.2	94.585	277	8	4	9	279	1	276	5.77e-117	422
source_9	XM_021203730.2	92.523	214	16	0	113	326	1	214	1.69e-82	307
source_9	XM_021203728.2	92.523	214	16	0	113	326	1	214	1.69e-82	307
source_10	XM_021190176.2	96.484	256	6	1	24	279	21	273	2.08e-116	420
source_11	XM_021221223.1	98.062	516	10	0	1	516	1	516	0.0	898
source_11	XM_021203797.2	100.000	30	0	0	464	493	215	244	6.74e-07	56.5
source_12	XM_021197535.2	95.164	517	23	1	1	515	10	526	0.0	815
source_12	XM_021197533.2	95.164	517	23	1	1	515	10	526	0.0	815
source_13	XM_021219789.2	100.000	44	0	0	17	60	1	44	1.11e-14	82.4
source_16	XM_029543461.1	95.088	285	12	1	42	324	1	285	9.52e-125	448
source_17	XM_021195186.2	89.901	406	17	8	1	405	1	383	7.21e-141	501
source_18	XM_021199158.1	92.746	193	14	0	4	196	3	195	3.68e-74	279
source_18	XM_021199158.1	98.131	107	2	0	380	486	193	299	2.29e-46	187
source_19	XM_021206862.2	85.866	283	12	9	4	258	1	283	4.75e-73	276
source_19	XM_021206861.1	85.866	283	12	9	4	258	1	283	4.75e-73	276
source_20	XM_021197785.2	97.576	330	8	0	3	332	2	331	2.52e-160	566
source_21	XM_029547113.1	98.246	114	2	0	1	114	1	114	2.94e-50	200
source_21	XM_021214885.2	98.246	114	2	0	1	114	1	114	2.94e-50	200
source_22	XM_021188514.2	96.154	182	7	0	13	194	1	182	1.01e-79	298
source_23	XM_029544011.1	96.104	77	3	0	440	516	1	77	5.07e-28	126
source_24	XM_021213324.1	96.951	164	5	0	345	508	156	319	4.75e-73	276
source_24	XM_021213324.1	94.304	158	7	2	1	157	1	157	1.73e-62	241
source_26	XM_029532154.1	87.640	89	7	4	87	171	1	89	3.07e-20	100
source_27	XM_021211001.1	93.398	515	33	1	1	515	8	521	0.0	761
source_28	XM_021197187.2	96.241	133	5	0	93	225	1	133	8.13e-56	219
source_29	XM_029543632.1	91.026	234	16	2	255	485	232	1	1.30e-83	311
source_29	XM_029543630.1	91.026	234	16	2	255	485	232	1	1.30e-83	311
source_29	XM_021207590.2	91.026	234	16	2	255	485	232	1	1.30e-83	311
source_29	XM_021207866.2	95.000	100	5	0	78	177	16	115	1.80e-37	158
source_30	XM_021218181.1	97.244	508	14	0	8	515	1	508	0.0	861
source_30	XM_021218180.2	97.244	508	14	0	8	515	1	508	0.0	861
source_32	XM_021198311.1	97.282	515	14	0	1	515	1	515	0.0	874
source_33	XM_021207033.1	95.787	356	13	2	1	355	1	355	1.51e-162	573
source_33	XM_029543455.1	95.847	313	11	2	41	352	1	312	5.57e-142	505
source_33	XM_029543454.1	95.833	312	11	2	41	351	1	311	2.00e-141	503
source_34	XM_021211954.2	91.304	276	23	1	220	494	2	277	4.56e-103	375
source_36	XM_021208741.1	95.259	232	8	2	189	417	1	232	9.86e-100	364
source_37	XM_021216843.1	96.552	174	6	0	54	227	38	211	6.11e-77	289
source_38	XM_021201756.2	99.029	515	5	0	1	515	27	541	0.0	924
source_39	XM_021201888.1	98.529	476	3	1	1	476	1	472	0.0	837
source_40	XM_021219104.2	98.649	74	1	0	7	80	1	74	1.09e-29	132
source_41	XM_021205692.1	98.750	80	1	0	1	80	3	82	5.03e-33	143
source_42	XM_029532723.1	96.262	107	3	1	33	138	1	107	1.78e-42	174
source_43	XM_021203289.2	97.500	200	5	0	1	200	1	200	4.62e-93	342
source_43	XM_021203289.2	98.649	74	1	0	357	430	197	270	1.09e-29	132
source_43	XR_002380800.2	96.429	56	2	0	375	430	5	60	5.14e-18	93.5
source_44	XR_003843874.1	93.443	305	17	1	215	516	1	305	2.65e-125	449
source_44	XM_029538637.1	93.443	305	17	1	215	516	1	305	2.65e-125	449
source_44	XM_029538636.1	93.443	305	17	1	215	516	1	305	2.65e-125	449
source_44	XM_029538634.1	93.443	305	17	1	215	516	1	305	2.65e-125	449
source_44	XM_021197946.2	93.443	305	17	1	215	516	1	305	2.65e-125	449
source_44	XM_021197945.2	93.443	305	17	1	215	516	1	305	2.65e-125	449
source_44	XM_021197944.2	93.443	305	17	1	215	516	1	305	2.65e-125	449
source_45	XM_021211159.1	86.891	267	15	8	2	262	1	253	1.02e-74	281
source_45	XM_029546255.1	96.875	32	1	0	302	333	2993	3024	2.43e-06	54.7
source_46	XM_021207533.1	96.429	504	18	0	13	516	22	525	0.0	832
source_46	XM_021207532.1	96.429	504	18	0	13	516	16	519	0.0	832
source_47	XM_021214008.2	100.000	192	0	0	3	194	1	192	5.94e-97	355
source_48	XM_021187867.2	98.551	207	2	1	199	405	8	213	9.86e-100	364
source_49	XM_029538040.1	96.023	176	7	0	340	515	761	936	2.20e-76	287
source_49	XM_029538040.1	100.000	107	0	0	1	107	656	762	1.06e-49	198
source_50	XM_021218388.1	93.966	464	28	0	52	515	1	464	0.0	702
source_51	XM_021203797.2	98.131	321	6	0	1	321	1	321	1.17e-158	560
source_51	XM_021197898.2	97.500	40	1	0	219	258	1387	1426	8.66e-11	69.4
source_51	XM_021197897.2	97.500	40	1	0	219	258	1822	1861	8.66e-11	69.4
source_51	XM_021221223.1	78.846	104	18	3	215	316	464	565	3.12e-10	67.6
source_53	XM_021200005.2	93.682	459	29	0	58	516	1	459	0.0	688
source_54	XM_021192926.1	93.831	308	16	1	59	363	1	308	1.22e-128	460
source_54	XM_021192924.1	93.831	308	16	1	59	363	1	308	1.22e-128	460
source_55	XM_021203455.1	98.780	164	2	0	22	185	1	164	4.72e-78	292
source_56	XM_021221073.2	96.711	304	9	1	7	310	34	336	5.57e-142	505
source_57	XM_021190529.2	97.647	170	4	0	1	170	1	170	4.72e-78	292
source_58	XM_021222198.2	94.631	149	8	0	1	149	34	182	1.04e-59	231
source_58	XM_021222197.2	94.631	149	8	0	1	149	34	182	1.04e-59	231
source_59	XM_029541026.1	94.068	118	5	1	4	121	1	116	1.38e-43	178
source_60	XM_029541503.1	98.565	209	2	1	1	209	1	208	7.63e-101	368
source_60	XM_021202981.1	98.565	209	2	1	1	209	1	208	7.63e-101	368
source_60	XM_029541500.1	98.765	162	2	0	50	211	1	162	6.11e-77	289
source_60	XM_029541498.1	98.765	162	2	0	50	211	1	162	6.11e-77	289
source_60	XM_029541496.1	98.765	162	2	0	50	211	1	162	6.11e-77	289
source_60	XM_029541495.1	98.765	162	2	0	50	211	1	162	6.11e-77	289
source_60	XM_029541494.1	98.765	162	2	0	50	211	1	162	6.11e-77	289
source_60	XM_029541492.1	98.765	162	2	0	50	211	1	162	6.11e-77	289
source_60	XM_029541501.1	98.758	161	2	0	51	211	1	161	2.20e-76	287
source_60	XM_029541497.1	98.750	160	2	0	50	209	1	160	7.90e-76	285
source_60	XM_029541493.1	98.750	160	2	0	50	209	1	160	7.90e-76	285
source_60	XM_029541502.1	98.742	159	2	0	51	209	1	159	2.84e-75	283
source_60	XM_029541499.1	98.742	159	2	0	51	209	1	159	2.84e-75	283
source_60	XM_021202982.2	98.742	159	2	0	51	209	1	159	2.84e-75	283
source_61	XM_021206290.2	97.925	241	2	1	19	259	1	238	9.66e-115	414
source_62	XM_029532239.1	93.431	137	9	0	113	249	1	137	2.28e-51	204
source_63	XM_029532246.1	87.292	480	48	8	1	478	1117	1585	1.98e-151	536
source_63	XM_029532245.1	87.292	480	48	8	1	478	908	1376	1.98e-151	536
source_63	XM_029532244.1	87.292	480	48	8	1	478	1135	1603	1.98e-151	536
source_63	XM_029532243.1	87.292	480	48	8	1	478	1018	1486	1.98e-151	536
source_63	XM_029532242.1	87.292	480	48	8	1	478	1007	1475	1.98e-151	536
source_63	XM_021219795.2	87.292	480	48	8	1	478	1000	1468	1.98e-151	536
source_64	XM_029540472.1	93.204	103	7	0	3	105	2	104	8.36e-36	152
source_64	XM_029540467.1	93.204	103	7	0	3	105	2	104	8.36e-36	152
source_67	XM_021203248.1	96.667	90	3	0	1	90	4	93	3.01e-35	150
source_68	XR_002381281.2	97.037	405	12	0	65	469	1	405	0.0	682
source_68	XM_021221088.2	97.037	405	12	0	65	469	1	405	0.0	682
source_68	XM_021221087.2	97.037	405	12	0	65	469	1	405	0.0	682
source_68	XM_029533076.1	96.992	399	12	0	71	469	1	399	0.0	671
source_68	XM_029533074.1	96.985	398	12	0	72	469	1	398	0.0	669
source_68	XM_029533075.1	97.208	394	11	0	72	465	1	394	0.0	667
source_69	XM_021194026.2	95.161	186	9	0	6	191	1	186	1.31e-78	294
source_70	XM_029546104.1	92.544	456	33	1	4	458	1	456	0.0	652
source_73	XM_021190773.1	95.858	169	7	0	1	169	1	169	1.71e-72	274
source_73	XM_021190772.1	95.858	169	7	0	1	169	1	169	1.71e-72	274
source_73	XM_021190771.1	95.858	169	7	0	1	169	1	169	1.71e-72	274
source_74	XM_021190335.2	93.642	346	17	2	21	361	1	346	3.33e-144	512
source_75	XM_021216949.2	97.105	449	13	0	1	449	96	544	0.0	758
source_78	XM_029543957.1	99.099	111	1	0	1	111	178	288	2.94e-50	200
source_78	XM_021208790.2	99.099	111	1	0	1	111	178	288	2.94e-50	200
source_78	XM_021208787.2	99.099	111	1	0	1	111	177	287	2.94e-50	200
source_78	XM_021208786.2	99.099	111	1	0	1	111	177	287	2.94e-50	200
source_79	XM_021219320.1	94.652	374	20	0	1	374	5	378	9.00e-165	580
source_79	XM_021219319.2	94.652	374	20	0	1	374	5	378	9.00e-165	580
source_80	XM_029548258.1	97.778	180	4	0	198	377	225	404	1.30e-83	311
source_80	XM_029548258.1	93.750	64	4	0	452	515	402	465	3.97e-19	97.1
source_82	XM_029544712.1	97.279	294	6	1	225	516	1	294	9.32e-140	497
source_82	XM_021207847.2	96.599	147	3	2	1	147	23	167	4.82e-63	243
source_83	XM_021214040.1	90.857	175	15	1	1	174	1	175	2.90e-60	233
source_83	XM_029541467.1	90.265	113	10	1	62	173	1	113	3.89e-34	147
source_84	XM_021222042.1	98.636	220	3	0	29	248	1	220	1.63e-107	390
source_85	XM_029531679.1	96.970	66	2	0	1	66	25	90	1.42e-23	111
source_85	XM_029531678.1	96.970	66	2	0	1	66	25	90	1.42e-23	111
source_85	XM_029531677.1	96.970	66	2	0	1	66	25	90	1.42e-23	111
source_85	XM_029531676.1	96.970	66	2	0	1	66	25	90	1.42e-23	111
source_85	XM_029531675.1	96.970	66	2	0	1	66	25	90	1.42e-23	111
source_85	XM_029531674.1	96.970	66	2	0	1	66	25	90	1.42e-23	111
source_85	XM_021218669.2	96.970	66	2	0	1	66	25	90	1.42e-23	111
source_85	XM_021218667.2	96.970	66	2	0	1	66	25	90	1.42e-23	111
source_86	XM_021201219.1	96.721	61	2	0	1	61	598	658	8.54e-21	102
source_87	XM_029535740.1	94.402	518	11	2	1	515	34	536	0.0	780
source_88	XM_021220392.2	100.000	103	0	0	1	103	1	103	1.77e-47	191
source_90	XM_029546106.1	98.113	106	2	0	63	168	1	106	8.24e-46	185
source_91	XM_021203883.2	95.146	515	25	0	1	515	1	515	0.0	813
source_92	XM_021207903.1	95.420	131	6	0	1	131	1	131	4.89e-53	209
source_93	XM_021221565.2	95.664	369	16	0	33	401	1	369	1.16e-168	593
source_94	XM_029547675.1	94.309	123	7	0	180	302	8	130	6.37e-47	189
source_95	XM_029531598.1	95.349	516	23	1	1	515	67	582	0.0	819
source_95	XM_029531597.1	95.349	516	23	1	1	515	70	585	0.0	819
source_96	XM_021190146.2	98.585	212	3	0	1	212	1	212	4.56e-103	375
source_96	XM_021190143.2	98.585	212	3	0	1	212	1	212	4.56e-103	375
source_97	XM_021193272.2	99.133	346	3	0	1	346	1	346	1.47e-177	623
source_97	XM_021193273.2	98.901	273	3	0	74	346	1	273	5.61e-137	488
source_98	XM_021218303.1	94.030	134	7	1	8	140	21	154	8.18e-51	202
source_99	XM_029532948.1	96.403	139	5	0	144	282	176	314	3.75e-59	230
source_99	XM_029532948.1	98.113	106	2	0	373	478	312	417	8.24e-46	185
source_99	XM_029532948.1	97.500	80	2	0	1	80	101	180	2.34e-31	137
source_99	XM_021221140.2	96.403	139	5	0	144	282	176	314	3.75e-59	230
source_99	XM_021221140.2	98.113	106	2	0	373	478	312	417	8.24e-46	185
source_99	XM_021221140.2	97.500	80	2	0	1	80	101	180	2.34e-31	137
source_99	XM_029532949.1	98.113	106	2	0	373	478	276	381	8.24e-46	185
source_99	XM_029532949.1	97.938	97	2	0	186	282	182	278	8.30e-41	169
source_99	XM_029532949.1	97.500	80	2	0	1	80	101	180	2.34e-31	137
source_101	XM_021196862.1	97.073	205	6	0	2	206	2	206	3.57e-94	346
source_101	XM_021196862.1	95.973	149	6	0	365	513	204	352	4.82e-63	243
source_102	XM_021200009.1	96.676	361	12	0	3	363	1	361	6.91e-171	601
source_102	XM_029540253.1	96.552	290	10	0	74	363	3	292	9.39e-135	481
source_103	XM_021217170.1	97.500	120	3	0	1	120	1	120	6.33e-52	206
source_103	XM_021217170.1	95.062	81	4	0	233	313	120	200	1.41e-28	128
source_103	XM_021217169.2	97.500	120	3	0	1	120	1	120	6.33e-52	206
source_103	XM_021217169.2	95.062	81	4	0	233	313	120	200	1.41e-28	128
source_104	XM_021214757.2	99.401	167	1	0	6	172	1	167	2.18e-81	303
source_105	XM_021209874.1	96.296	135	3	2	10	144	10	142	2.26e-56	220
source_105	XM_029544701.1	95.868	121	3	2	24	144	1	119	1.37e-48	195
source_107	XM_021200285.1	93.182	308	19	2	1	307	15	321	7.36e-126	451
source_107	XM_021200284.2	93.182	308	19	2	1	307	22	328	7.36e-126	451
source_108	XM_021220499.1	95.174	518	22	1	1	515	1	518	0.0	815
source_109	XM_029540189.1	97.809	502	11	0	14	515	1	502	0.0	867
source_109	XM_021200208.2	97.809	502	11	0	14	515	1	502	0.0	867
source_110	XM_021210107.1	97.664	214	4	1	68	280	1	214	2.74e-100	366
source_111	XM_021213682.1	95.556	90	4	0	1	90	167	256	1.40e-33	145
source_111	XM_021213683.2	95.506	89	4	0	1	89	58	146	5.03e-33	143
source_112	XM_021210562.1	97.802	273	6	0	2	274	1	273	5.65e-132	472
source_113	XM_021217400.1	98.701	308	4	0	123	430	1	308	9.13e-155	547
source_113	XM_021217401.1	98.921	278	3	0	123	400	1	278	9.32e-140	497
source_114	XM_021222070.2	95.213	188	7	1	48	233	1	188	3.65e-79	296
source_115	XM_021188790.1	97.282	515	14	0	1	515	1	515	0.0	874
source_116	XM_021208551.1	98.438	64	1	0	1	64	1	64	3.94e-24	113
source_118	XM_029544311.1	93.458	107	7	0	1	107	7	113	5.00e-38	159
source_118	XM_029544310.1	93.458	107	7	0	1	107	7	113	5.00e-38	159
source_118	XM_029544309.1	93.458	107	7	0	1	107	7	113	5.00e-38	159
source_118	XM_029544313.1	96.703	91	3	0	17	107	1	91	8.36e-36	152
source_118	XM_029544312.1	96.703	91	3	0	17	107	1	91	8.36e-36	152
source_119	XM_021220156.1	95.816	239	10	0	5	243	7	245	2.11e-106	387
source_119	XM_021220158.1	96.262	214	8	0	30	243	1	214	7.68e-96	351
source_119	XM_021220157.1	96.262	214	8	0	30	243	1	214	7.68e-96	351
source_119	XM_021220159.1	96.244	213	8	0	30	242	1	213	2.76e-95	350
source_120	XM_029531175.1	92.517	147	10	1	6	151	84	230	4.89e-53	209
source_120	XM_021218006.2	92.517	147	10	1	6	151	82	228	4.89e-53	209
source_121	XM_021218141.2	97.521	121	3	0	1	121	1	121	1.76e-52	207
source_122	XM_021216033.1	96.751	277	7	1	1	277	1	275	1.22e-128	460
source_123	XM_021198924.1	94.667	150	6	1	4	153	1	148	1.04e-59	231
source_123	XM_021198925.1	94.958	119	4	1	35	153	1	117	8.24e-46	185
source_124	XM_021222272.2	95.758	165	6	1	14	177	1	165	1.03e-69	265
source_124	XM_021222271.2	95.758	165	6	1	14	177	1	165	1.03e-69	265
source_125	XM_021188671.2	95.146	103	4	1	1	103	4	105	1.39e-38	161
source_126	XM_021192832.2	98.711	388	5	0	1	388	4	391	0.0	689
source_126	XM_021192825.2	98.645	369	5	0	20	388	1	369	0.0	654
source_127	XM_021204103.1	94.850	233	12	0	283	515	83	315	9.86e-100	364
source_127	XM_021204103.1	98.824	85	1	0	1	85	1	85	8.36e-36	152
source_128	XM_029535998.1	100.000	192	0	0	81	272	3	194	5.94e-97	355
source_129	XM_029544850.1	94.382	356	15	2	1	354	1	353	4.25e-153	542
source_129	XM_021209592.2	94.382	356	15	2	1	354	1	353	4.25e-153	542
source_130	XM_021221309.2	95.661	507	19	2	11	515	1	506	0.0	811
source_131	XM_021213970.1	96.414	474	14	1	3	473	1	474	0.0	778
source_132	XM_021193685.1	98.639	147	2	0	1	147	131	277	1.33e-68	261
source_134	XM_021220115.1	95.228	461	13	2	1	461	1	452	0.0	721
source_136	XM_021209139.1	93.722	223	14	0	1	223	53	275	7.73e-91	335
source_136	XM_021209138.1	93.722	223	14	0	1	223	53	275	7.73e-91	335
source_139	XM_021220576.2	97.487	199	5	0	1	199	32	230	1.66e-92	340
source_140	XM_021196246.2	98.883	179	2	0	23	201	1	179	2.17e-86	320
source_141	XM_021218898.1	97.750	400	9	0	3	402	74	473	0.0	689
source_142	XM_029542663.1	92.571	175	8	2	7	181	1	170	3.73e-64	246
source_142	XM_029542662.1	92.571	175	8	2	7	181	1	170	3.73e-64	246
source_142	XM_029542659.1	92.571	175	8	2	7	181	1	170	3.73e-64	246
source_142	XM_029542658.1	92.571	175	8	2	7	181	1	170	3.73e-64	246
source_142	XM_029542657.1	92.571	175	8	2	7	181	1	170	3.73e-64	246
source_142	XM_029542656.1	92.571	175	8	2	7	181	1	170	3.73e-64	246
source_142	XM_029542655.1	92.571	175	8	2	7	181	1	170	3.73e-64	246
source_142	XM_021204493.2	92.571	175	8	2	7	181	1	170	3.73e-64	246
source_143	XM_021200478.2	96.787	249	8	0	11	259	1	249	2.68e-115	416
source_143	XM_021200470.2	96.735	245	8	0	11	255	1	245	4.49e-113	409
source_143	XM_021200487.2	98.667	75	1	0	11	85	1	75	3.03e-30	134
source_144	XM_021200136.2	97.093	516	8	3	1	516	1	509	0.0	863
source_146	XM_021188624.1	87.931	174	14	3	3	169	1	174	1.06e-49	198
source_146	XM_021188624.1	95.536	112	5	0	248	359	185	296	3.83e-44	180
source_146	XM_021188623.1	87.931	174	14	3	3	169	1	174	1.06e-49	198
source_146	XM_021188623.1	95.506	89	4	0	271	359	173	261	5.03e-33	143
source_147	XM_021213437.1	97.382	191	5	0	208	398	1	191	4.65e-88	326
source_148	XM_021218572.1	95.486	288	13	0	22	309	6	293	1.22e-128	460
source_149	XM_021212244.2	100.000	107	0	0	1	107	1	107	1.06e-49	198
source_150	XM_021209390.2	98.208	279	1	2	8	285	1	276	7.26e-136	484
source_150	XM_021209391.2	99.065	214	1	1	73	285	1	214	2.72e-105	383
source_151	XM_021210573.1	97.101	276	6	2	2	275	2	277	9.45e-130	464
source_151	XM_021210572.1	97.101	276	6	2	2	275	2	277	9.45e-130	464
source_151	XM_029545259.1	98.047	256	5	0	21	276	9	264	3.42e-124	446
source_152	XM_021209106.2	100.000	172	0	0	65	236	1	172	7.79e-86	318
source_152	XM_021209105.2	100.000	162	0	0	75	236	1	162	2.82e-80	300
source_153	XM_021201118.1	87.786	393	27	4	145	516	2	394	1.59e-122	440
source_154	XM_029539621.1	95.735	211	8	1	306	516	1	210	5.98e-92	339
source_154	XM_029539620.1	95.735	211	8	1	306	516	1	210	5.98e-92	339
source_154	XM_021200969.2	95.735	211	8	1	306	516	1	210	5.98e-92	339
source_154	XM_029539619.1	96.581	117	4	0	1	117	2775	2891	1.37e-48	195
source_154	XM_029539618.1	96.581	117	4	0	1	117	2728	2844	1.37e-48	195
source_154	XM_029539616.1	96.581	117	4	0	1	117	2853	2969	1.37e-48	195
source_154	XM_021199805.2	96.581	117	4	0	1	117	2823	2939	1.37e-48	195
source_155	XM_021202158.1	97.030	202	6	0	1	202	2	203	1.66e-92	340
source_155	XM_029540511.1	97.354	189	5	0	14	202	1	189	6.02e-87	322
source_155	XM_029540510.1	97.354	189	5	0	14	202	1	189	6.02e-87	322
source_155	XM_021202157.2	97.354	189	5	0	14	202	1	189	6.02e-87	322
source_155	XM_021202156.2	97.354	189	5	0	14	202	1	189	6.02e-87	322
source_156	XM_029548145.1	98.276	116	2	0	1	116	904	1019	2.28e-51	204
source_156	XM_021220425.1	98.276	116	2	0	1	116	508	623	2.28e-51	204
source_156	XM_021220417.1	98.276	116	2	0	1	116	715	830	2.28e-51	204
source_156	XM_021220409.1	98.276	116	2	0	1	116	715	830	2.28e-51	204
source_158	XM_029538766.1	100.000	31	0	0	485	515	1	31	1.87e-07	58.4
source_158	XM_021198327.2	100.000	31	0	0	485	515	1	31	1.87e-07	58.4
source_159	XM_021192965.1	96.757	185	6	0	27	211	1	185	4.69e-83	309
source_159	XM_021192963.2	96.739	184	6	0	28	211	1	184	1.69e-82	307
source_160	XM_021220173.1	95.969	521	8	3	1	512	1	517	0.0	833
source_160	XM_021220172.2	95.800	500	8	3	22	512	1	496	0.0	795
source_161	XM_021200657.1	96.364	275	8	1	18	290	1	275	7.36e-126	451
source_163	XM_021208472.2	91.262	206	7	3	1	205	1	196	2.21e-71	270
source_163	XM_021208470.1	91.220	205	7	3	1	204	20	214	7.96e-71	268
source_164	XM_021204669.2	96.857	350	11	0	166	515	1	350	1.93e-166	586
source_164	XM_021204668.2	97.273	220	6	0	296	515	1	220	1.64e-102	374
source_164	XM_029542308.1	97.436	78	2	0	21	98	1	78	3.03e-30	134
source_166	XM_021194809.2	97.959	98	0	1	1	98	11	106	8.30e-41	169
source_167	XM_021187198.2	92.181	243	10	3	64	297	1	243	2.15e-91	337
source_168	XM_029538806.1	95.758	165	7	0	95	259	1	165	2.86e-70	267
source_168	XM_029538805.1	98.701	77	1	0	183	259	39	115	2.34e-31	137
source_168	XM_029538805.1	100.000	29	0	0	22	50	1	29	2.43e-06	54.7
source_168	XM_021197242.2	98.701	77	1	0	183	259	56	132	2.34e-31	137
source_168	XM_021197242.2	97.826	46	1	0	5	50	1	46	4.00e-14	80.5
source_168	XM_029538807.1	98.649	74	1	0	186	259	42	115	1.09e-29	132
source_168	XM_029538807.1	100.000	32	0	0	19	50	1	32	5.21e-08	60.2
source_168	XM_021197243.2	98.649	74	1	0	186	259	56	129	1.09e-29	132
source_168	XM_021197243.2	97.826	46	1	0	5	50	1	46	4.00e-14	80.5
source_169	XM_029546235.1	100.000	58	0	0	11	68	1	58	1.84e-22	108
source_170	XM_021190085.2	89.952	209	19	2	1	208	1	208	7.96e-71	268
source_170	XM_021190084.2	89.706	204	19	2	7	209	1	203	4.79e-68	259
source_171	XM_021212658.2	92.593	189	11	3	1	189	671	856	7.96e-71	268
source_172	XM_021191297.1	94.937	158	8	0	1	158	1	158	1.04e-64	248
source_173	XM_029538498.1	95.977	174	7	0	302	475	174	1	2.84e-75	283
source_174	XM_021210098.2	88.889	135	11	4	370	501	8	141	3.86e-39	163
source_174	XM_021210097.2	88.889	135	11	4	370	501	8	141	3.86e-39	163
source_175	XR_003844076.1	98.930	187	2	0	1	187	1	187	7.73e-91	335
source_175	XM_021199807.2	98.930	187	2	0	1	187	1	187	7.73e-91	335
source_175	XM_029539892.1	98.864	176	2	0	12	187	1	176	1.01e-84	315
source_177	XM_021207200.1	93.590	468	29	1	49	515	2	469	0.0	697
source_179	XM_029535971.1	96.575	292	5	2	2	288	1	292	3.38e-134	479
source_179	XM_021193209.2	96.564	291	5	2	3	288	1	291	1.21e-133	477
source_180	XM_021215848.2	96.525	259	9	0	1	259	1	259	3.45e-119	429
source_181	XM_021201845.1	99.593	246	1	0	1	246	1	246	2.65e-125	449
source_181	XM_021201846.2	99.580	238	1	0	9	246	1	238	7.41e-121	435
source_181	XM_029541065.1	99.363	157	1	0	90	246	1	157	7.90e-76	285
source_181	XM_029541062.1	99.363	157	1	0	90	246	1	157	7.90e-76	285
source_181	XM_029541061.1	99.363	157	1	0	90	246	1	157	7.90e-76	285
source_182	XM_021205638.1	96.610	354	12	0	14	367	1	354	5.38e-167	588
source_184	XM_021207905.2	97.354	189	5	0	1	189	1	189	6.02e-87	322
source_184	XM_021207912.2	97.326	187	5	0	1	187	1	187	7.79e-86	318
source_185	XM_029536146.1	95.000	80	4	0	1	80	20	99	5.07e-28	126
source_186	XM_021192528.2	94.521	219	6	4	1	213	25	243	2.78e-90	333
source_188	XM_021187138.2	93.082	318	22	0	37	354	1	318	2.63e-130	466
source_190	XR_003844250.1	91.503	153	10	1	18	170	1	150	1.76e-52	207
source_191	XM_021190020.2	90.588	170	6	2	1	170	1	160	2.92e-55	217
source_191	XM_029534798.1	92.248	129	1	1	42	170	1	120	1.78e-42	174
source_192	XM_029546369.1	89.680	281	12	4	11	275	1	280	4.62e-93	342
source_192	XM_021213618.2	89.680	281	12	4	11	275	1	280	4.62e-93	342
source_193	XM_021220403.2	94.033	486	26	1	33	515	1	486	0.0	734
source_195	XM_021218874.2	93.353	346	21	2	6	349	1	346	1.20e-143	510
source_195	XM_021218872.2	93.353	346	21	2	6	349	1	346	1.20e-143	510
source_197	XM_021193827.1	98.684	228	3	0	1	228	1	228	5.81e-112	405
source_197	XM_029536663.1	98.876	178	2	0	36	213	1	178	7.79e-86	318
source_198	XM_021195055.1	95.057	526	14	1	2	515	7	532	0.0	817
source_198	XM_021195058.1	94.172	429	13	1	99	515	1	429	0.0	643
source_198	XM_021195054.2	93.215	339	11	1	189	515	1	339	5.61e-137	488
source_198	XM_029535884.1	93.195	338	11	1	190	515	1	338	2.02e-136	486
source_199	XM_029546093.1	89.655	116	11	1	354	468	4143	4258	8.36e-36	152
source_199	XM_029546092.1	89.655	116	11	1	354	468	4145	4260	8.36e-36	152
source_199	XM_029546091.1	89.655	116	11	1	354	468	4755	4870	8.36e-36	152
source_199	XM_029546090.1	89.655	116	11	1	354	468	4415	4530	8.36e-36	152
source_199	XM_029546089.1	89.655	116	11	1	354	468	4720	4835	8.36e-36	152
source_199	XM_021212133.2	89.655	116	11	1	354	468	4283	4398	8.36e-36	152
source_199	XM_029535280.1	89.655	116	12	0	353	468	4058	4173	1.08e-34	148
source_199	XM_021205603.2	94.872	78	4	0	366	443	1	78	6.55e-27	122
source_199	XM_029531103.1	90.000	90	8	1	354	442	1809	1898	1.10e-24	115
source_199	XM_021216791.2	90.000	90	8	1	354	442	1798	1887	1.10e-24	115
source_199	XM_021194801.2	93.151	73	5	0	389	461	2525	2453	1.84e-22	108
source_199	XM_029535132.1	89.474	76	8	0	352	427	1827	1902	3.97e-19	97.1
source_199	XM_021190937.2	89.474	76	8	0	352	427	1848	1923	3.97e-19	97.1
source_199	XR_003843909.1	86.585	82	9	2	352	433	3264	3185	6.65e-17	89.8
source_199	XM_021198695.2	86.585	82	9	2	352	433	3331	3252	6.65e-17	89.8
source_199	XM_029533857.1	89.855	69	5	1	353	421	2080	2014	2.39e-16	87.9
source_199	XM_029533084.1	82.524	103	11	5	366	468	3033	3128	3.09e-15	84.2
source_199	XM_021221358.2	82.524	103	11	5	366	468	3190	3285	3.09e-15	84.2
source_199	XM_021213819.2	88.571	70	7	1	350	418	1341	1410	3.09e-15	84.2
source_199	XM_021192056.1	95.652	46	2	0	75	120	1	46	1.86e-12	75.0
source_199	XM_021213308.2	88.710	62	4	3	354	415	933	991	6.70e-12	73.1
source_200	XM_021212479.1	97.059	204	6	0	312	515	188	391	1.29e-93	344
source_200	XM_021212478.1	97.059	204	6	0	312	515	188	391	1.29e-93	344
source_200	XM_029546452.1	98.473	131	2	0	385	515	121	251	1.04e-59	231
source_201	XM_021212100.2	96.694	121	1	1	14	131	1	121	1.06e-49	198
source_202	XM_029540784.1	97.113	381	11	0	135	515	1	381	0.0	643
source_202	XM_029540783.1	97.113	381	11	0	135	515	1	381	0.0	643
source_202	XM_029540782.1	97.113	381	11	0	135	515	1	381	0.0	643
source_202	XM_029540781.1	97.113	381	11	0	135	515	1	381	0.0	643
source_204	XM_021205859.2	98.261	345	3	3	2	346	1	342	6.91e-171	601
source_204	XM_021205858.1	98.261	345	3	3	2	346	1	342	6.91e-171	601
source_204	XR_003844510.1	98.176	329	3	3	18	346	1	326	5.41e-162	571
source_206	XM_029538912.1	97.917	96	2	0	234	329	1	96	2.99e-40	167
source_206	XM_021197383.2	92.683	82	4	1	10	91	1	80	3.05e-25	117
source_207	XM_021203952.1	86.869	198	16	2	19	215	1	189	3.78e-54	213
source_208	XM_021211684.2	97.248	218	6	0	298	515	183	400	2.12e-101	370
source_208	XM_021211684.2	91.282	195	6	5	25	219	1	184	6.19e-67	255
source_208	XM_021211683.2	97.248	218	6	0	298	515	185	402	2.12e-101	370
source_208	XM_021211683.2	91.371	197	6	5	23	219	1	186	4.79e-68	259
source_208	XR_002380767.1	92.411	224	9	5	298	515	141	362	3.62e-84	313
source_208	XR_002380767.1	92.537	134	8	1	86	219	11	142	1.77e-47	191
source_209	XM_021209869.1	95.000	80	4	0	33	112	1	80	5.07e-28	126
source_209	XM_029544578.1	94.286	70	4	0	43	112	1	70	1.84e-22	108
source_209	XM_029544577.1	94.203	69	4	0	44	112	1	69	6.60e-22	106
source_210	XM_021208856.1	94.643	168	3	3	144	305	1	168	6.19e-67	255
source_212	XM_021202014.2	96.512	516	16	1	1	516	6	519	0.0	852
source_212	XM_021202013.2	96.512	516	16	1	1	516	6	519	0.0	852
source_213	XM_021217628.2	95.000	100	5	0	1	100	9	108	1.80e-37	158
source_215	XM_029547722.1	99.091	110	1	0	197	306	1	110	1.06e-49	198
source_215	XM_029547721.1	99.091	110	1	0	197	306	1	110	1.06e-49	198
source_215	XM_029547720.1	99.091	110	1	0	197	306	1	110	1.06e-49	198
source_215	XM_029547719.1	99.091	110	1	0	197	306	1	110	1.06e-49	198
source_215	XM_029547718.1	99.091	110	1	0	197	306	1	110	1.06e-49	198
source_217	XM_029547007.1	96.491	57	2	0	95	151	1	57	1.43e-18	95.3
source_218	XM_021187970.1	93.782	193	5	2	193	384	1	187	2.84e-75	283
source_218	XM_021187972.2	93.636	110	1	1	275	384	1	104	5.00e-38	159
source_219	XM_021203773.2	98.069	518	6	4	1	516	1	516	0.0	898
source_219	XM_021203772.2	98.069	518	6	4	1	516	1	516	0.0	898
source_220	XM_021201601.2	95.455	352	16	0	19	370	1	352	3.26e-159	562
source_220	XM_021201600.2	95.455	352	16	0	19	370	1	352	3.26e-159	562
source_220	XM_029540956.1	95.536	336	15	0	35	370	1	336	5.49e-152	538
source_221	XM_021202649.2	95.852	458	17	2	59	516	3	458	0.0	739
source_221	XM_021202642.2	95.842	457	17	2	60	516	1	455	0.0	737
source_223	XM_029542899.1	100.000	116	0	0	1	116	40	155	1.05e-54	215
source_223	XM_021206080.2	100.000	116	0	0	1	116	190	305	1.05e-54	215
source_224	XM_029544442.1	91.534	189	16	0	66	254	2	190	1.33e-68	261
source_224	XM_021221661.2	91.061	179	16	0	66	244	2	180	4.82e-63	243
source_225	XM_021212222.1	96.364	165	5	1	7	170	1	165	2.21e-71	270
source_226	XM_021204506.2	92.697	356	12	2	129	483	1	343	7.21e-141	501
source_226	XM_029542459.1	97.083	240	7	0	129	368	1	240	5.81e-112	405
source_226	XM_029542458.1	97.083	240	7	0	129	368	1	240	5.81e-112	405
source_228	XM_021218477.1	94.981	518	23	2	1	515	1	518	0.0	809
source_229	XM_021195245.2	96.172	209	5	3	6	211	699	907	5.98e-92	339
source_230	XM_021221687.2	92.263	517	30	3	1	509	97	611	0.0	725
source_231	XM_021200616.1	94.581	203	11	0	1	203	1	203	1.01e-84	315
source_234	XM_029541005.1	98.864	88	1	0	236	323	1	88	1.80e-37	158
source_234	XM_021202171.1	98.864	88	1	0	236	323	1	88	1.80e-37	158
source_234	XM_021202170.1	98.864	88	1	0	236	323	1	88	1.80e-37	158
source_234	XM_029541004.1	100.000	31	0	0	293	323	1	31	1.87e-07	58.4
source_235	XM_021198137.1	96.154	78	3	0	8	85	1	78	1.41e-28	128
source_236	XM_021208253.2	91.935	372	23	5	93	458	1	371	9.26e-145	514
source_236	XM_029543999.1	94.558	147	8	0	312	458	28	174	1.35e-58	228
source_237	XM_029546847.1	95.545	202	9	0	1	202	40	241	1.67e-87	324
source_237	XM_029546844.1	95.545	202	9	0	1	202	40	241	1.67e-87	324
source_237	XM_021215170.2	95.954	173	6	1	34	205	1	173	3.68e-74	279
source_237	XM_021215163.2	95.954	173	6	1	34	205	1	173	3.68e-74	279
source_237	XM_021215154.2	95.954	173	6	1	34	205	1	173	3.68e-74	279
source_237	XM_021215167.2	95.930	172	6	1	35	205	1	172	1.32e-73	278
source_237	XM_021215162.2	95.906	171	6	1	36	205	1	171	4.75e-73	276
source_237	XM_021215157.2	95.906	171	6	1	36	205	1	171	4.75e-73	276
source_237	XM_021215155.2	95.906	171	6	1	36	205	1	171	4.75e-73	276
source_237	XM_021215168.2	95.882	170	6	1	37	205	1	170	1.71e-72	274
source_237	XM_021215166.2	95.882	170	6	1	37	205	1	170	1.71e-72	274
source_237	XM_021215161.2	95.882	170	6	1	37	205	1	170	1.71e-72	274
source_237	XM_029546855.1	93.855	179	11	0	334	512	2	180	2.21e-71	270
source_237	XM_029546845.1	93.855	179	11	0	334	512	2	180	2.21e-71	270
source_237	XM_029546843.1	93.855	179	11	0	334	512	2	180	2.21e-71	270
source_238	XM_021188149.2	93.082	318	16	1	1	312	1	318	1.22e-128	460
source_238	XM_021188149.2	88.385	353	35	4	145	497	241	587	2.08e-116	420
source_238	XM_021188149.2	83.908	87	5	3	5	82	32	118	1.86e-12	75.0
source_239	XM_021193396.2	96.954	197	6	0	1	197	3	199	1.00e-89	331
source_240	XM_021193476.1	92.857	168	11	1	1	168	6	172	4.82e-63	243
source_240	XM_029536946.1	91.875	160	12	1	13	172	1	159	6.28e-57	222
source_241	XM_021220323.2	93.220	295	16	4	160	450	1	295	9.59e-120	431
source_241	XM_021220322.2	90.323	155	13	2	1	153	13	167	8.18e-51	202
source_242	XM_021207472.1	96.226	53	2	0	106	158	1	53	2.39e-16	87.9
source_242	XM_021207470.1	96.226	53	2	0	106	158	1	53	2.39e-16	87.9
source_242	XM_021207469.1	96.226	53	2	0	106	158	1	53	2.39e-16	87.9
source_243	XM_021214858.2	96.875	224	7	0	1	224	1	224	4.56e-103	375
source_244	XM_021187532.2	96.751	277	7	2	1	275	1	277	1.22e-128	460
source_245	XM_021193565.1	90.964	166	7	1	19	176	2	167	2.92e-55	217
source_245	XR_003842635.1	95.238	42	2	0	468	509	932	891	3.12e-10	67.6
source_246	XM_029535284.1	98.252	515	7	2	1	513	419	933	0.0	900
source_246	XM_021189133.2	97.872	423	7	2	93	513	1	423	0.0	730
source_247	XM_021197906.2	96.465	198	7	0	1	198	203	6	1.29e-88	327
source_247	XM_021197907.2	97.222	144	4	0	1	144	46	189	1.34e-63	244
source_248	XM_021198541.1	97.740	177	4	0	93	269	1	177	6.06e-82	305
source_249	XM_021219675.2	94.406	143	8	0	1	143	75	217	2.26e-56	220
source_250	XM_021208701.1	96.753	308	8	1	1	306	1	308	3.33e-144	512
source_250	XM_029544094.1	95.305	213	8	1	96	306	1	213	2.15e-91	337
source_250	XM_029544093.1	95.305	213	8	1	96	306	1	213	2.15e-91	337
source_251	XM_021197842.2	97.098	379	10	1	1	379	1	378	0.0	638
source_251	XM_029539194.1	92.925	424	15	12	92	511	1	413	1.92e-171	603
source_251	XM_029539192.1	92.908	423	15	12	92	510	1	412	6.91e-171	601
source_251	XM_029539196.1	97.531	81	2	0	1	81	2	82	6.51e-32	139
source_251	XM_029539191.1	97.531	81	2	0	1	81	2	82	6.51e-32	139
source_251	XM_021197841.2	98.718	78	1	0	1	78	1	78	6.51e-32	139
source_251	XM_029539193.1	98.333	60	1	0	19	78	1	60	6.60e-22	106
source_253	XM_021198278.1	91.139	316	22	6	2	313	1	314	1.60e-117	424
source_255	XM_029544631.1	97.727	176	4	0	18	193	1	176	2.18e-81	303
source_255	XM_029544631.1	97.191	178	4	1	271	447	168	345	2.82e-80	300
source_255	XM_021209670.2	97.727	176	4	0	18	193	1	176	2.18e-81	303
source_255	XM_021209670.2	97.191	178	4	1	271	447	168	345	2.82e-80	300
source_256	XM_021218046.1	100.000	172	0	0	73	244	1	172	7.79e-86	318
source_257	XM_021200171.1	96.703	91	3	0	1	91	1	91	8.36e-36	152
source_258	XM_021188672.1	95.102	490	20	2	26	515	2	487	0.0	769
source_258	XM_021197185.1	95.792	404	17	0	112	515	1	404	0.0	652
source_259	XM_029538025.1	89.815	216	10	3	286	497	42	249	2.86e-70	267
source_260	XM_021215761.2	91.892	222	18	0	73	294	1	222	1.30e-83	311
source_260	XM_021215760.2	91.892	222	18	0	73	294	1	222	1.30e-83	311
source_261	XM_021219893.1	97.670	515	12	0	1	515	1	515	0.0	885
source_262	XM_021208378.2	95.402	87	4	0	53	139	2	88	6.51e-32	139
source_263	XM_021194894.2	100.000	52	0	0	16	67	1	52	3.97e-19	97.1
source_264	XM_029547965.1	96.405	306	3	1	1	306	1	298	9.32e-140	497
source_264	XM_021216499.2	96.405	306	3	1	1	306	1	298	9.32e-140	497
source_264	XM_021216498.2	96.405	306	3	1	1	306	1	298	9.32e-140	497
source_264	XM_021216496.1	96.405	306	3	1	1	306	1	298	9.32e-140	497
source_265	XM_029541813.1	97.656	128	3	0	264	391	1	128	2.26e-56	220
source_265	XM_021203976.2	93.571	140	2	2	1	140	41	173	8.18e-51	202
source_265	XM_029541812.1	93.525	139	2	2	1	139	89	220	2.94e-50	200
source_265	XM_029541859.1	97.414	116	3	0	277	392	1	116	1.06e-49	198
source_267	XM_029538042.1	94.382	178	8	1	13	188	1	178	6.15e-72	272
source_267	XM_021202837.2	94.382	178	8	1	13	188	1	178	6.15e-72	272
source_268	XM_021191230.2	97.241	290	8	0	32	321	2	291	4.34e-138	492
source_268	XM_021191226.2	97.241	290	8	0	32	321	2	291	4.34e-138	492
source_269	XM_021212862.2	99.134	231	2	0	13	243	1	231	2.68e-115	416
source_271	XM_021220103.2	98.698	384	5	0	1	384	102	485	0.0	682
source_271	XM_021220102.1	98.698	384	5	0	1	384	102	485	0.0	682
source_272	XM_029534544.1	94.167	120	6	1	1	120	247	365	1.07e-44	182
source_273	XM_021220021.1	99.451	364	2	0	1	364	6	369	0.0	662
source_274	XM_021195692.2	100.000	198	0	0	1	198	1	198	2.74e-100	366
source_277	XM_021218557.2	97.881	236	3	1	1	234	138	373	1.62e-112	407
source_278	XM_021215793.1	98.413	63	1	0	1	63	1	63	1.42e-23	111
source_278	XM_021215792.1	98.413	63	1	0	1	63	1	63	1.42e-23	111
source_279	XM_021214470.2	95.954	346	5	4	179	515	23	368	1.96e-156	553
source_280	XM_029535691.1	93.182	88	6	0	1	88	117	204	3.92e-29	130
source_280	XM_021191346.2	93.182	88	6	0	1	88	117	204	3.92e-29	130
source_281	XM_021201926.1	92.737	358	14	4	171	516	381	24	1.55e-142	507
source_281	XM_021201947.1	94.071	253	13	1	4	254	14	266	2.72e-105	383
source_282	XM_029531742.1	96.901	355	11	0	1	355	407	53	3.21e-169	595
source_282	XM_029531739.1	96.901	355	11	0	1	355	407	53	3.21e-169	595
source_282	XM_021219578.1	95.082	183	9	0	1	183	4	186	6.11e-77	289
source_282	XM_021219578.1	99.048	105	1	0	278	382	185	289	6.37e-47	189
source_283	XM_021213631.2	90.435	115	2	6	6	120	1	106	5.03e-33	143
source_285	XM_021205005.1	96.000	200	7	1	1	200	1	199	1.67e-87	324
source_285	XM_021205005.1	96.491	114	4	0	297	410	200	313	6.37e-47	189
source_286	XM_021216305.1	95.728	515	16	1	1	515	1	509	0.0	824
source_288	XM_021198436.1	95.560	518	20	2	1	515	1	518	0.0	826
source_288	XM_021198435.2	95.560	518	20	2	1	515	1	518	0.0	826
source_288	XM_029538402.1	95.556	495	19	2	24	515	1	495	0.0	789
source_288	XM_021198433.2	95.556	495	19	2	24	515	1	495	0.0	789
source_288	XM_021198432.2	95.556	495	19	2	24	515	1	495	0.0	789
source_288	XM_021198431.2	95.556	495	19	2	24	515	1	495	0.0	789
source_288	XM_021198430.2	95.556	495	19	2	24	515	1	495	0.0	789
source_289	XM_021215460.2	92.754	138	6	2	7	140	1	138	3.81e-49	196
source_290	XM_021196190.2	97.794	136	3	0	17	152	1	136	8.07e-61	235
source_290	XM_021196190.2	100.000	61	0	0	270	330	134	194	3.94e-24	113
source_291	XM_021215845.2	95.652	207	9	0	1	207	25	231	2.78e-90	333
source_294	XM_021193630.2	85.849	212	19	2	17	220	1	209	1.05e-54	215
source_295	XM_021208104.2	95.918	49	2	0	1	49	85	133	4.00e-14	80.5
source_296	XM_021214605.2	93.373	166	8	2	2	165	1	165	4.82e-63	243
source_297	XM_021196222.2	96.721	183	5	1	16	198	1	182	2.18e-81	303
source_298	XM_021195620.1	96.724	519	13	4	1	516	1	518	0.0	861
source_298	XM_029537514.1	96.413	446	12	4	74	516	1	445	0.0	732
source_299	XM_021200094.1	96.820	283	5	2	1	279	1	283	2.03e-131	470
source_299	XM_021200093.1	96.820	283	5	2	1	279	1	283	2.03e-131	470
source_299	XM_021200091.2	100.000	61	0	0	219	279	1	61	3.94e-24	113
source_300	XM_021192336.2	99.464	373	1	1	1	373	6	377	0.0	676
source_300	XM_021192345.2	100.000	76	0	0	298	373	1	76	1.81e-32	141
source_302	XM_021194826.1	99.710	345	1	0	1	345	1	345	2.45e-180	632
source_302	XM_021194825.1	99.710	345	1	0	1	345	1	345	2.45e-180	632
source_302	XM_021194824.1	99.710	345	1	0	1	345	1	345	2.45e-180	632
source_302	XM_021194823.1	99.710	345	1	0	1	345	1	345	2.45e-180	632
source_302	XM_029535922.1	99.612	258	1	0	88	345	1	258	5.65e-132	472
source_302	XM_029535921.1	99.612	258	1	0	88	345	1	258	5.65e-132	472
source_302	XM_029535920.1	99.612	258	1	0	88	345	1	258	5.65e-132	472
source_303	XM_029546099.1	94.718	284	11	2	1	280	19	302	5.73e-122	438
source_303	XM_029546098.1	94.718	284	11	2	1	280	19	302	5.73e-122	438
source_303	XM_021214011.2	94.718	284	11	2	1	280	19	302	5.73e-122	438
source_304	XM_021191413.2	93.370	181	8	1	12	188	1	181	1.03e-69	265
source_305	XM_021219185.2	94.915	118	4	2	26	142	38	154	2.96e-45	183
source_306	XM_021220086.1	97.642	212	1	1	45	252	1	212	1.28e-98	361
source_306	XM_029532427.1	97.525	202	1	1	55	252	1	202	4.62e-93	342
source_308	XM_029531406.1	97.561	82	1	1	1	81	1	82	6.51e-32	139
source_308	XM_029531405.1	97.561	82	1	1	1	81	1	82	6.51e-32	139
source_308	XM_021218251.2	97.561	82	1	1	1	81	1	82	6.51e-32	139
source_309	XR_003844247.1	88.623	334	16	7	33	350	1	328	2.11e-106	387
source_309	XM_021201572.2	88.623	334	16	7	33	350	1	328	2.11e-106	387
source_309	XM_029540930.1	85.075	201	12	4	33	217	1	199	6.37e-47	189
source_310	XM_021197329.2	95.070	142	7	0	1	142	3	144	1.75e-57	224
source_311	XM_021220052.1	93.103	377	10	5	1	366	372	1	5.49e-152	538
source_311	XM_021220055.1	97.436	78	1	1	1	77	23	100	1.09e-29	132
source_311	XM_021220053.1	97.436	78	1	1	1	77	17	94	1.09e-29	132
source_311	XM_029532648.1	97.403	77	1	1	2	77	1	77	3.92e-29	130
source_311	XM_029532647.1	97.403	77	1	1	2	77	1	77	3.92e-29	130
source_312	XM_021211503.2	98.718	156	2	0	1	156	1	156	1.32e-73	278
source_312	XM_021211503.2	100.000	87	0	0	429	515	154	240	1.39e-38	161
source_313	XM_029540895.1	95.652	138	6	0	378	515	1	138	6.28e-57	222
source_313	XM_021202250.2	95.652	138	6	0	378	515	1	138	6.28e-57	222
source_314	XM_021188154.2	94.359	195	11	0	55	249	3	197	2.82e-80	300
source_315	XM_029535194.1	95.960	297	6	4	105	395	1	297	1.21e-133	477
source_315	XM_021190189.2	95.960	297	6	4	105	395	1	297	1.21e-133	477
source_315	XM_029535192.1	96.246	293	6	3	105	392	1	293	4.37e-133	475
source_315	XM_029535193.1	96.233	292	6	3	105	391	1	292	1.57e-132	473
